2019-06-10T02:46:40.858664Z 0 [Warning] TIMESTAMP with implicit DEFAULT value is deprecated. Please use --explicit_defaults_for_timestamp server option (see documentation for more details).
2019-06-10T02:46:41.706607Z 0 [Warning] InnoDB: New log files created, LSN=45790
2019-06-10T02:46:41.904238Z 0 [Warning] InnoDB: Creating foreign key constraint system tables.
2019-06-10T02:46:41.918512Z 0 [Warning] No existing UUID has been found, so we assume that this is the first time that this server has been started. Generating a new UUID: fa34a538-8b29-11e9-b920-0242ac140002.
2019-06-10T02:46:41.920387Z 0 [Warning] Gtid table is not ready to be used. Table 'mysql.gtid_executed' cannot be opened.
2019-06-10T02:46:41.923542Z 1 [Warning] root@localhost is created with an empty password ! Please consider switching off the --initialize-insecure option.
2019-06-10T02:46:49.796643Z 0 [Warning] TIMESTAMP with implicit DEFAULT value is deprecated. Please use --explicit_defaults_for_timestamp server option (see documentation for more details).
2019-06-10T02:46:49.801839Z 0 [Note] mysqld (mysqld 5.7.23-log) starting as process 93 ...
2019-06-10T02:46:49.811492Z 0 [Note] InnoDB: PUNCH HOLE support available
2019-06-10T02:46:49.811898Z 0 [Note] InnoDB: Mutexes and rw_locks use GCC atomic builtins
2019-06-10T02:46:49.812169Z 0 [Note] InnoDB: Uses event mutexes
2019-06-10T02:46:49.812475Z 0 [Note] InnoDB: GCC builtin __atomic_thread_fence() is used for memory barrier
2019-06-10T02:46:49.812820Z 0 [Note] InnoDB: Compressed tables use zlib 1.2.3
2019-06-10T02:46:49.813174Z 0 [Note] InnoDB: Using Linux native AIO
2019-06-10T02:46:49.813653Z 0 [Note] InnoDB: Number of pools: 1
2019-06-10T02:46:49.814036Z 0 [Note] InnoDB: Using CPU crc32 instructions
2019-06-10T02:46:49.815458Z 0 [Note] InnoDB: Initializing buffer pool, total size = 128M, instances = 1, chunk size = 128M
2019-06-10T02:46:49.824042Z 0 [Note] InnoDB: Completed initialization of buffer pool
2019-06-10T02:46:49.826324Z 0 [Note] InnoDB: If the mysqld execution user is authorized, page cleaner thread priority can be changed. See the man page of setpriority().
2019-06-10T02:46:49.860975Z 0 [Note] InnoDB: Highest supported file format is Barracuda.
2019-06-10T02:46:49.939648Z 0 [Note] InnoDB: Creating shared tablespace for temporary tables
2019-06-10T02:46:49.940445Z 0 [Note] InnoDB: Setting file './ibtmp1' size to 12 MB. Physically writing the file full; Please wait ...
2019-06-10T02:46:50.022148Z 0 [Note] InnoDB: File './ibtmp1' size is now 12 MB.
2019-06-10T02:46:50.026205Z 0 [Note] InnoDB: 96 redo rollback segment(s) found. 96 redo rollback segment(s) are active.
2019-06-10T02:46:50.026604Z 0 [Note] InnoDB: 32 non-redo rollback segment(s) are active.
2019-06-10T02:46:50.027695Z 0 [Note] InnoDB: Waiting for purge to start
2019-06-10T02:46:50.080857Z 0 [Note] InnoDB: 5.7.23 started; log sequence number 2589762
2019-06-10T02:46:50.082077Z 0 [Note] Plugin 'FEDERATED' is disabled.
2019-06-10T02:46:50.083310Z 0 [Note] InnoDB: Loading buffer pool(s) from /var/lib/mysql/ib_buffer_pool
2019-06-10T02:46:50.112115Z 0 [Note] InnoDB: Buffer pool(s) load completed at 190610  2:46:50
2019-06-10T02:46:50.120686Z 0 [Note] Found ca.pem, server-cert.pem and server-key.pem in data directory. Trying to enable SSL support using them.
2019-06-10T02:46:50.127599Z 0 [Warning] CA certificate ca.pem is self signed.
2019-06-10T02:46:50.136913Z 0 [Warning] Insecure configuration for --pid-file: Location '/var/run/mysqld' in the path is accessible to all OS users. Consider choosing a different directory.
2019-06-10T02:46:50.460324Z 0 [Note] Event Scheduler: Loaded 0 events
2019-06-10T02:46:50.461121Z 0 [Note] mysqld: ready for connections.
Version: '5.7.23-log'  socket: '/var/run/mysqld/mysqld.sock'  port: 0  MySQL Community Server (GPL)
2019-06-10T02:46:59.189287Z 0 [Note] Giving 0 client threads a chance to die gracefully
2019-06-10T02:46:59.189800Z 0 [Note] Shutting down slave threads
2019-06-10T02:46:59.190212Z 0 [Note] Forcefully disconnecting 0 remaining clients
2019-06-10T02:46:59.190565Z 0 [Note] Event Scheduler: Purging the queue. 0 events
2019-06-10T02:46:59.191164Z 0 [Note] Binlog end
2019-06-10T02:46:59.200103Z 0 [Note] Shutting down plugin 'ngram'
2019-06-10T02:46:59.200457Z 0 [Note] Shutting down plugin 'partition'
2019-06-10T02:46:59.200792Z 0 [Note] Shutting down plugin 'BLACKHOLE'
2019-06-10T02:46:59.201135Z 0 [Note] Shutting down plugin 'ARCHIVE'
2019-06-10T02:46:59.201478Z 0 [Note] Shutting down plugin 'PERFORMANCE_SCHEMA'
2019-06-10T02:46:59.201776Z 0 [Note] Shutting down plugin 'MRG_MYISAM'
2019-06-10T02:46:59.202112Z 0 [Note] Shutting down plugin 'MyISAM'
2019-06-10T02:46:59.202454Z 0 [Note] Shutting down plugin 'INNODB_SYS_VIRTUAL'
2019-06-10T02:46:59.202880Z 0 [Note] Shutting down plugin 'INNODB_SYS_DATAFILES'
2019-06-10T02:46:59.203304Z 0 [Note] Shutting down plugin 'INNODB_SYS_TABLESPACES'
2019-06-10T02:46:59.203645Z 0 [Note] Shutting down plugin 'INNODB_SYS_FOREIGN_COLS'
2019-06-10T02:46:59.203960Z 0 [Note] Shutting down plugin 'INNODB_SYS_FOREIGN'
2019-06-10T02:46:59.204272Z 0 [Note] Shutting down plugin 'INNODB_SYS_FIELDS'
2019-06-10T02:46:59.204579Z 0 [Note] Shutting down plugin 'INNODB_SYS_COLUMNS'
2019-06-10T02:46:59.204865Z 0 [Note] Shutting down plugin 'INNODB_SYS_INDEXES'
2019-06-10T02:46:59.205207Z 0 [Note] Shutting down plugin 'INNODB_SYS_TABLESTATS'
2019-06-10T02:46:59.205669Z 0 [Note] Shutting down plugin 'INNODB_SYS_TABLES'
2019-06-10T02:46:59.205977Z 0 [Note] Shutting down plugin 'INNODB_FT_INDEX_TABLE'
2019-06-10T02:46:59.206297Z 0 [Note] Shutting down plugin 'INNODB_FT_INDEX_CACHE'
2019-06-10T02:46:59.206637Z 0 [Note] Shutting down plugin 'INNODB_FT_CONFIG'
2019-06-10T02:46:59.207024Z 0 [Note] Shutting down plugin 'INNODB_FT_BEING_DELETED'
2019-06-10T02:46:59.207334Z 0 [Note] Shutting down plugin 'INNODB_FT_DELETED'
2019-06-10T02:46:59.207682Z 0 [Note] Shutting down plugin 'INNODB_FT_DEFAULT_STOPWORD'
2019-06-10T02:46:59.208076Z 0 [Note] Shutting down plugin 'INNODB_METRICS'
2019-06-10T02:46:59.208450Z 0 [Note] Shutting down plugin 'INNODB_TEMP_TABLE_INFO'
2019-06-10T02:46:59.208789Z 0 [Note] Shutting down plugin 'INNODB_BUFFER_POOL_STATS'
2019-06-10T02:46:59.209055Z 0 [Note] Shutting down plugin 'INNODB_BUFFER_PAGE_LRU'
2019-06-10T02:46:59.209360Z 0 [Note] Shutting down plugin 'INNODB_BUFFER_PAGE'
2019-06-10T02:46:59.209649Z 0 [Note] Shutting down plugin 'INNODB_CMP_PER_INDEX_RESET'
2019-06-10T02:46:59.209972Z 0 [Note] Shutting down plugin 'INNODB_CMP_PER_INDEX'
2019-06-10T02:46:59.210271Z 0 [Note] Shutting down plugin 'INNODB_CMPMEM_RESET'
2019-06-10T02:46:59.210560Z 0 [Note] Shutting down plugin 'INNODB_CMPMEM'
2019-06-10T02:46:59.210865Z 0 [Note] Shutting down plugin 'INNODB_CMP_RESET'
2019-06-10T02:46:59.211201Z 0 [Note] Shutting down plugin 'INNODB_CMP'
2019-06-10T02:46:59.211520Z 0 [Note] Shutting down plugin 'INNODB_LOCK_WAITS'
2019-06-10T02:46:59.211876Z 0 [Note] Shutting down plugin 'INNODB_LOCKS'
2019-06-10T02:46:59.212191Z 0 [Note] Shutting down plugin 'INNODB_TRX'
2019-06-10T02:46:59.212492Z 0 [Note] Shutting down plugin 'InnoDB'
2019-06-10T02:46:59.212845Z 0 [Note] InnoDB: FTS optimize thread exiting.
2019-06-10T02:46:59.213373Z 0 [Note] InnoDB: Starting shutdown...
2019-06-10T02:46:59.317255Z 0 [Note] InnoDB: Dumping buffer pool(s) to /var/lib/mysql/ib_buffer_pool
2019-06-10T02:46:59.322280Z 0 [Note] InnoDB: Buffer pool(s) dump completed at 190610  2:46:59
2019-06-10T02:47:01.125400Z 0 [Note] InnoDB: Shutdown completed; log sequence number 12360028
2019-06-10T02:47:01.136887Z 0 [Note] InnoDB: Removed temporary tablespace data file: "ibtmp1"
2019-06-10T02:47:01.137511Z 0 [Note] Shutting down plugin 'MEMORY'
2019-06-10T02:47:01.138122Z 0 [Note] Shutting down plugin 'CSV'
2019-06-10T02:47:01.138731Z 0 [Note] Shutting down plugin 'sha256_password'
2019-06-10T02:47:01.139304Z 0 [Note] Shutting down plugin 'mysql_native_password'
2019-06-10T02:47:01.140000Z 0 [Note] Shutting down plugin 'binlog'
2019-06-10T02:47:01.143663Z 0 [Note] mysqld: Shutdown complete

2019-06-10T02:47:01.455475Z 0 [Warning] TIMESTAMP with implicit DEFAULT value is deprecated. Please use --explicit_defaults_for_timestamp server option (see documentation for more details).
2019-06-10T02:47:01.462065Z 0 [Note] mysqld (mysqld 5.7.23-log) starting as process 1 ...
2019-06-10T02:47:01.474313Z 0 [Note] InnoDB: PUNCH HOLE support available
2019-06-10T02:47:01.474778Z 0 [Note] InnoDB: Mutexes and rw_locks use GCC atomic builtins
2019-06-10T02:47:01.475137Z 0 [Note] InnoDB: Uses event mutexes
2019-06-10T02:47:01.475445Z 0 [Note] InnoDB: GCC builtin __atomic_thread_fence() is used for memory barrier
2019-06-10T02:47:01.475710Z 0 [Note] InnoDB: Compressed tables use zlib 1.2.3
2019-06-10T02:47:01.476138Z 0 [Note] InnoDB: Using Linux native AIO
2019-06-10T02:47:01.476658Z 0 [Note] InnoDB: Number of pools: 1
2019-06-10T02:47:01.477099Z 0 [Note] InnoDB: Using CPU crc32 instructions
2019-06-10T02:47:01.478550Z 0 [Note] InnoDB: Initializing buffer pool, total size = 128M, instances = 1, chunk size = 128M
2019-06-10T02:47:01.487184Z 0 [Note] InnoDB: Completed initialization of buffer pool
2019-06-10T02:47:01.489914Z 0 [Note] InnoDB: If the mysqld execution user is authorized, page cleaner thread priority can be changed. See the man page of setpriority().
2019-06-10T02:47:01.538566Z 0 [Note] InnoDB: Highest supported file format is Barracuda.
2019-06-10T02:47:01.640067Z 0 [Note] InnoDB: Creating shared tablespace for temporary tables
2019-06-10T02:47:01.641163Z 0 [Note] InnoDB: Setting file './ibtmp1' size to 12 MB. Physically writing the file full; Please wait ...
2019-06-10T02:47:01.728746Z 0 [Note] InnoDB: File './ibtmp1' size is now 12 MB.
2019-06-10T02:47:01.734105Z 0 [Note] InnoDB: 96 redo rollback segment(s) found. 96 redo rollback segment(s) are active.
2019-06-10T02:47:01.734750Z 0 [Note] InnoDB: 32 non-redo rollback segment(s) are active.
2019-06-10T02:47:01.736103Z 0 [Note] InnoDB: 5.7.23 started; log sequence number 12360028
2019-06-10T02:47:01.737010Z 0 [Note] Plugin 'FEDERATED' is disabled.
2019-06-10T02:47:01.738228Z 0 [Note] InnoDB: Loading buffer pool(s) from /var/lib/mysql/ib_buffer_pool
2019-06-10T02:47:01.790842Z 0 [Note] Found ca.pem, server-cert.pem and server-key.pem in data directory. Trying to enable SSL support using them.
2019-06-10T02:47:01.798689Z 0 [Note] InnoDB: Buffer pool(s) load completed at 190610  2:47:01
2019-06-10T02:47:01.802718Z 0 [Warning] CA certificate ca.pem is self signed.
2019-06-10T02:47:01.805785Z 0 [Note] Server hostname (bind-address): '*'; port: 3306
2019-06-10T02:47:01.806402Z 0 [Note] IPv6 is available.
2019-06-10T02:47:01.806777Z 0 [Note]   - '::' resolves to '::';
2019-06-10T02:47:01.807209Z 0 [Note] Server socket created on IP: '::'.
2019-06-10T02:47:01.810788Z 0 [Warning] Insecure configuration for --pid-file: Location '/var/run/mysqld' in the path is accessible to all OS users. Consider choosing a different directory.
2019-06-10T02:47:02.170559Z 0 [Note] Event Scheduler: Loaded 0 events
2019-06-10T02:47:02.171414Z 0 [Note] mysqld: ready for connections.
Version: '5.7.23-log'  socket: '/var/run/mysqld/mysqld.sock'  port: 3306  MySQL Community Server (GPL)
2019-06-10T02:47:37.223478Z 2 [Warning] Host name 'bogon' could not be resolved: Name or service not known
2019-06-10T03:57:13.049290Z 24 [Note] Aborted connection 24 to db: 'blog' user: 'root' host: '172.20.0.1' (Got an error reading communication packets)
2019-06-10T03:57:14.422515Z 25 [Note] Aborted connection 25 to db: 'blog' user: 'root' host: '172.20.0.1' (Got an error reading communication packets)
2019-06-10T03:58:02.272013Z 26 [Note] Aborted connection 26 to db: 'blog' user: 'root' host: '172.20.0.1' (Got an error reading communication packets)
2019-06-10T04:00:48.159478Z 29 [Note] Aborted connection 29 to db: 'blog' user: 'root' host: '172.20.0.1' (Got an error reading communication packets)
2019-06-10T04:04:27.723568Z 0 [Note] InnoDB: page_cleaner: 1000ms intended loop took 22417ms. The settings might not be optimal. (flushed=0 and evicted=0, during the time.)
2019-06-10T04:05:23.943057Z 23 [Note] Aborted connection 23 to db: 'blog' user: 'grafanaReader' host: '172.20.0.1' (Got an error reading communication packets)
2019-06-10T04:40:21.717174Z 0 [Note] InnoDB: page_cleaner: 1000ms intended loop took 2094404ms. The settings might not be optimal. (flushed=0 and evicted=0, during the time.)
2019-06-10T05:17:57.247989Z 0 [Note] InnoDB: page_cleaner: 1000ms intended loop took 124721ms. The settings might not be optimal. (flushed=0 and evicted=0, during the time.)
2019-06-10T05:34:59.000598Z 0 [Note] InnoDB: page_cleaner: 1000ms intended loop took 979764ms. The settings might not be optimal. (flushed=0 and evicted=0, during the time.)
2019-06-10T05:35:41.674746Z 30 [Note] Aborted connection 30 to db: 'blog' user: 'root' host: '172.20.0.1' (Got an error reading communication packets)
2019-06-10T05:36:28.368350Z 31 [Note] Aborted connection 31 to db: 'blog' user: 'root' host: '172.20.0.1' (Got an error reading communication packets)
2019-06-10T05:39:07.793089Z 32 [Note] Aborted connection 32 to db: 'blog' user: 'root' host: '172.20.0.1' (Got an error reading communication packets)
2019-06-10T05:40:15.675124Z 33 [Note] Aborted connection 33 to db: 'blog' user: 'root' host: '172.20.0.1' (Got an error reading communication packets)
2019-06-10T05:40:37.825601Z 34 [Note] Aborted connection 34 to db: 'blog' user: 'root' host: '172.20.0.1' (Got an error reading communication packets)
2019-06-10T05:41:43.043634Z 35 [Note] Aborted connection 35 to db: 'blog' user: 'root' host: '172.20.0.1' (Got an error reading communication packets)
2019-06-10T05:42:21.664583Z 36 [Note] Aborted connection 36 to db: 'blog' user: 'root' host: '172.20.0.1' (Got an error reading communication packets)
2019-06-10T05:43:45.731399Z 37 [Note] Aborted connection 37 to db: 'blog' user: 'root' host: '172.20.0.1' (Got an error reading communication packets)
2019-06-10T05:45:16.000834Z 38 [Note] Aborted connection 38 to db: 'blog' user: 'root' host: '172.20.0.1' (Got an error reading communication packets)
2019-06-10T08:49:28.217230Z 39 [Note] Aborted connection 39 to db: 'blog' user: 'root' host: '172.20.0.1' (Got an error reading communication packets)
2019-06-10T09:20:38.188876Z 42 [Note] Aborted connection 42 to db: 'blog' user: 'root' host: '172.20.0.1' (Got an error reading communication packets)
2019-06-10T09:20:56.565685Z 43 [Note] Aborted connection 43 to db: 'blog' user: 'root' host: '172.20.0.1' (Got an error reading communication packets)
2019-06-10T09:21:09.654960Z 44 [Note] Aborted connection 44 to db: 'blog' user: 'root' host: '172.20.0.1' (Got an error reading communication packets)
2019-06-10T12:21:05.067268Z 0 [Note] InnoDB: page_cleaner: 1000ms intended loop took 3613668ms. The settings might not be optimal. (flushed=0 and evicted=0, during the time.)
2019-06-10T12:21:40.253549Z 21 [Note] Aborted connection 21 to db: 'blog' user: 'root' host: '172.20.0.1' (Got an error reading communication packets)
2019-06-10T12:27:56.000298Z 0 [Note] InnoDB: page_cleaner: 1000ms intended loop took 371584ms. The settings might not be optimal. (flushed=0 and evicted=0, during the time.)
2019-06-10T12:37:23.180476Z 41 [Note] Aborted connection 41 to db: 'blog' user: 'grafanaReader' host: '172.20.0.1' (Got an error reading communication packets)
2019-06-10T12:52:08.000786Z 0 [Note] InnoDB: page_cleaner: 1000ms intended loop took 535661ms. The settings might not be optimal. (flushed=0 and evicted=0, during the time.)
2019-06-10T13:45:18.992696Z 0 [Note] InnoDB: page_cleaner: 1000ms intended loop took 485780ms. The settings might not be optimal. (flushed=0 and evicted=0, during the time.)
2019-06-10T13:48:21.000334Z 0 [Note] InnoDB: page_cleaner: 1000ms intended loop took 165283ms. The settings might not be optimal. (flushed=0 and evicted=0, during the time.)
2019-06-10T13:57:37.000341Z 0 [Note] InnoDB: page_cleaner: 1000ms intended loop took 300198ms. The settings might not be optimal. (flushed=0 and evicted=0, during the time.)
2019-06-10T14:12:31.000615Z 0 [Note] InnoDB: page_cleaner: 1000ms intended loop took 646642ms. The settings might not be optimal. (flushed=0 and evicted=0, during the time.)
2019-06-10T14:32:32.000258Z 0 [Note] InnoDB: page_cleaner: 1000ms intended loop took 984182ms. The settings might not be optimal. (flushed=0 and evicted=0, during the time.)
2019-06-10T18:57:18.870746Z 0 [Note] InnoDB: page_cleaner: 1000ms intended loop took 12927298ms. The settings might not be optimal. (flushed=0 and evicted=0, during the time.)
2019-06-10T23:56:53.814262Z 0 [Note] InnoDB: page_cleaner: 1000ms intended loop took 17945791ms. The settings might not be optimal. (flushed=0 and evicted=0, during the time.)
2019-06-11T01:42:02.052669Z 0 [Note] InnoDB: page_cleaner: 1000ms intended loop took 6278307ms. The settings might not be optimal. (flushed=0 and evicted=0, during the time.)
2019-06-11T01:42:31.000545Z 0 [Note] InnoDB: page_cleaner: 1000ms intended loop took 7676ms. The settings might not be optimal. (flushed=0 and evicted=0, during the time.)
2019-06-11T04:42:00.975754Z 0 [Note] InnoDB: page_cleaner: 1000ms intended loop took 2310159ms. The settings might not be optimal. (flushed=0 and evicted=0, during the time.)
2019-06-11T12:17:53.543273Z 0 [Note] InnoDB: page_cleaner: 1000ms intended loop took 3314436ms. The settings might not be optimal. (flushed=0 and evicted=0, during the time.)
2019-06-11T12:31:20.000520Z 0 [Note] InnoDB: page_cleaner: 1000ms intended loop took 790734ms. The settings might not be optimal. (flushed=0 and evicted=0, during the time.)
2019-06-11T12:53:54.000590Z 0 [Note] InnoDB: page_cleaner: 1000ms intended loop took 1179587ms. The settings might not be optimal. (flushed=0 and evicted=0, during the time.)
2019-06-11T14:50:33.000448Z 0 [Note] InnoDB: page_cleaner: 1000ms intended loop took 1437969ms. The settings might not be optimal. (flushed=0 and evicted=0, during the time.)
2019-06-11T14:54:41.000696Z 0 [Note] InnoDB: page_cleaner: 1000ms intended loop took 95089ms. The settings might not be optimal. (flushed=0 and evicted=0, during the time.)
2019-06-11T15:35:07.000483Z 0 [Note] InnoDB: page_cleaner: 1000ms intended loop took 2218473ms. The settings might not be optimal. (flushed=0 and evicted=0, during the time.)
2019-06-11T17:23:45.637615Z 0 [Note] InnoDB: page_cleaner: 1000ms intended loop took 6245630ms. The settings might not be optimal. (flushed=0 and evicted=0, during the time.)
2019-06-11T17:24:25.553730Z 0 [Note] InnoDB: page_cleaner: 1000ms intended loop took 26891ms. The settings might not be optimal. (flushed=0 and evicted=0, during the time.)
2019-06-11T19:28:11.325700Z 0 [Note] InnoDB: page_cleaner: 1000ms intended loop took 12765ms. The settings might not be optimal. (flushed=0 and evicted=0, during the time.)
2019-06-11T21:16:00.571229Z 0 [Note] InnoDB: page_cleaner: 1000ms intended loop took 6462455ms. The settings might not be optimal. (flushed=0 and evicted=0, during the time.)
2019-06-11T21:16:14.918060Z 0 [Note] InnoDB: page_cleaner: 1000ms intended loop took 11337ms. The settings might not be optimal. (flushed=0 and evicted=0, during the time.)
2019-06-11T23:04:15.299662Z 0 [Note] InnoDB: page_cleaner: 1000ms intended loop took 6465358ms. The settings might not be optimal. (flushed=0 and evicted=0, during the time.)
2019-06-11T23:04:26.471907Z 0 [Note] InnoDB: page_cleaner: 1000ms intended loop took 9171ms. The settings might not be optimal. (flushed=0 and evicted=0, during the time.)
2019-06-12T00:45:04.586487Z 0 [Note] InnoDB: page_cleaner: 1000ms intended loop took 7816ms. The settings might not be optimal. (flushed=0 and evicted=0, during the time.)
2019-06-12T01:42:50.000501Z 0 [Note] InnoDB: page_cleaner: 1000ms intended loop took 3453884ms. The settings might not be optimal. (flushed=0 and evicted=0, during the time.)
2019-06-12T04:05:27.207132Z 0 [Note] InnoDB: page_cleaner: 1000ms intended loop took 24996ms. The settings might not be optimal. (flushed=0 and evicted=0, during the time.)
2019-06-12T04:41:07.000467Z 0 [Note] InnoDB: page_cleaner: 1000ms intended loop took 2097614ms. The settings might not be optimal. (flushed=0 and evicted=0, during the time.)
2019-06-12T05:01:02.075755Z 0 [Note] InnoDB: page_cleaner: 1000ms intended loop took 8335ms. The settings might not be optimal. (flushed=0 and evicted=0, during the time.)
2019-06-12T05:35:55.000677Z 0 [Note] InnoDB: page_cleaner: 1000ms intended loop took 2055276ms. The settings might not be optimal. (flushed=0 and evicted=0, during the time.)
2019-06-12T07:04:40.000749Z 0 [Note] InnoDB: page_cleaner: 1000ms intended loop took 58473ms. The settings might not be optimal. (flushed=0 and evicted=0, during the time.)
2019-06-12T11:22:21.231563Z 0 [Note] InnoDB: page_cleaner: 1000ms intended loop took 24223ms. The settings might not be optimal. (flushed=0 and evicted=0, during the time.)
2019-06-12T12:32:59.451261Z 0 [Note] InnoDB: page_cleaner: 1000ms intended loop took 4208643ms. The settings might not be optimal. (flushed=0 and evicted=0, during the time.)
2019-06-12T13:35:43.004761Z 0 [Note] InnoDB: page_cleaner: 1000ms intended loop took 3729445ms. The settings might not be optimal. (flushed=0 and evicted=0, during the time.)
2019-06-12T14:43:09.000394Z 0 [Note] InnoDB: page_cleaner: 1000ms intended loop took 141358ms. The settings might not be optimal. (flushed=0 and evicted=0, during the time.)
2019-06-12T14:49:18.807321Z 45 [Note] Aborted connection 45 to db: 'blog' user: 'root' host: '172.20.0.1' (Got an error reading communication packets)
2019-06-12T15:06:30.052417Z 0 [Note] InnoDB: page_cleaner: 1000ms intended loop took 232910ms. The settings might not be optimal. (flushed=0 and evicted=0, during the time.)
2019-06-12T15:12:50.000421Z 0 [Note] InnoDB: page_cleaner: 1000ms intended loop took 81281ms. The settings might not be optimal. (flushed=0 and evicted=0, during the time.)
2019-06-12T17:01:08.080487Z 0 [Note] InnoDB: page_cleaner: 1000ms intended loop took 6448525ms. The settings might not be optimal. (flushed=0 and evicted=0, during the time.)
2019-06-12T17:01:49.458868Z 0 [Note] InnoDB: page_cleaner: 1000ms intended loop took 27019ms. The settings might not be optimal. (flushed=0 and evicted=0, during the time.)
2019-06-12T19:01:50.726356Z 0 [Note] InnoDB: page_cleaner: 1000ms intended loop took 12214ms. The settings might not be optimal. (flushed=0 and evicted=0, during the time.)
2019-06-13T00:45:17.617316Z 0 [Note] InnoDB: page_cleaner: 1000ms intended loop took 20594873ms. The settings might not be optimal. (flushed=0 and evicted=0, during the time.)
2019-06-13T01:35:26.000285Z 0 [Note] InnoDB: page_cleaner: 1000ms intended loop took 2989988ms. The settings might not be optimal. (flushed=0 and evicted=0, during the time.)
