2019-03-25T05:39:09.214398Z 0 [Warning] TIMESTAMP with implicit DEFAULT value is deprecated. Please use --explicit_defaults_for_timestamp server option (see documentation for more details).
2019-03-25T05:39:11.264507Z 0 [Warning] InnoDB: New log files created, LSN=45790
2019-03-25T05:39:11.566302Z 0 [Warning] InnoDB: Creating foreign key constraint system tables.
2019-03-25T05:39:11.644081Z 0 [Warning] No existing UUID has been found, so we assume that this is the first time that this server has been started. Generating a new UUID: 5150b075-4ec0-11e9-8150-0242ac120003.
2019-03-25T05:39:11.648045Z 0 [Warning] Gtid table is not ready to be used. Table 'mysql.gtid_executed' cannot be opened.
2019-03-25T05:39:11.648439Z 1 [Warning] root@localhost is created with an empty password ! Please consider switching off the --initialize-insecure option.
2019-03-25T05:39:16.074465Z 0 [Warning] TIMESTAMP with implicit DEFAULT value is deprecated. Please use --explicit_defaults_for_timestamp server option (see documentation for more details).
2019-03-25T05:39:16.076200Z 0 [Note] mysqld (mysqld 5.7.24-log) starting as process 88 ...
2019-03-25T05:39:16.078980Z 0 [Note] InnoDB: PUNCH HOLE support available
2019-03-25T05:39:16.079003Z 0 [Note] InnoDB: Mutexes and rw_locks use GCC atomic builtins
2019-03-25T05:39:16.079008Z 0 [Note] InnoDB: Uses event mutexes
2019-03-25T05:39:16.079013Z 0 [Note] InnoDB: GCC builtin __atomic_thread_fence() is used for memory barrier
2019-03-25T05:39:16.079016Z 0 [Note] InnoDB: Compressed tables use zlib 1.2.11
2019-03-25T05:39:16.079019Z 0 [Note] InnoDB: Using Linux native AIO
2019-03-25T05:39:16.079274Z 0 [Note] InnoDB: Number of pools: 1
2019-03-25T05:39:16.079386Z 0 [Note] InnoDB: Using CPU crc32 instructions
2019-03-25T05:39:16.081053Z 0 [Note] InnoDB: Initializing buffer pool, total size = 128M, instances = 1, chunk size = 128M
2019-03-25T05:39:16.089531Z 0 [Note] InnoDB: Completed initialization of buffer pool
2019-03-25T05:39:16.091847Z 0 [Note] InnoDB: If the mysqld execution user is authorized, page cleaner thread priority can be changed. See the man page of setpriority().
2019-03-25T05:39:16.103821Z 0 [Note] InnoDB: Highest supported file format is Barracuda.
2019-03-25T05:39:16.136062Z 0 [Note] InnoDB: Creating shared tablespace for temporary tables
2019-03-25T05:39:16.136123Z 0 [Note] InnoDB: Setting file './ibtmp1' size to 12 MB. Physically writing the file full; Please wait ...
2019-03-25T05:39:16.248486Z 0 [Note] InnoDB: File './ibtmp1' size is now 12 MB.
2019-03-25T05:39:16.249329Z 0 [Note] InnoDB: 96 redo rollback segment(s) found. 96 redo rollback segment(s) are active.
2019-03-25T05:39:16.249340Z 0 [Note] InnoDB: 32 non-redo rollback segment(s) are active.
2019-03-25T05:39:16.249635Z 0 [Note] InnoDB: Waiting for purge to start
2019-03-25T05:39:16.299808Z 0 [Note] InnoDB: 5.7.24 started; log sequence number 2591440
2019-03-25T05:39:16.300169Z 0 [Note] Plugin 'FEDERATED' is disabled.
2019-03-25T05:39:16.305684Z 0 [Note] Found ca.pem, server-cert.pem and server-key.pem in data directory. Trying to enable SSL support using them.
2019-03-25T05:39:16.305859Z 0 [Warning] CA certificate ca.pem is self signed.
2019-03-25T05:39:16.307714Z 0 [Note] InnoDB: Loading buffer pool(s) from /var/lib/mysql/ib_buffer_pool
2019-03-25T05:39:16.309244Z 0 [Note] InnoDB: Buffer pool(s) load completed at 190325  5:39:16
2019-03-25T05:39:16.311230Z 0 [Warning] Insecure configuration for --pid-file: Location '/var/run/mysqld' in the path is accessible to all OS users. Consider choosing a different directory.
2019-03-25T05:39:16.314713Z 0 [Note] Failed to start slave threads for channel ''
2019-03-25T05:39:16.319567Z 0 [Note] Event Scheduler: Loaded 0 events
2019-03-25T05:39:16.319705Z 0 [Note] mysqld: ready for connections.
Version: '5.7.24-log'  socket: '/var/run/mysqld/mysqld.sock'  port: 0  MySQL Community Server (GPL)
2019-03-25T05:39:20.978948Z 0 [Note] Giving 0 client threads a chance to die gracefully
2019-03-25T05:39:20.978966Z 0 [Note] Shutting down slave threads
2019-03-25T05:39:20.978972Z 0 [Note] Forcefully disconnecting 0 remaining clients
2019-03-25T05:39:20.978983Z 0 [Note] Event Scheduler: Purging the queue. 0 events
2019-03-25T05:39:20.979045Z 0 [Note] Binlog end
2019-03-25T05:39:20.979584Z 0 [Note] Shutting down plugin 'ngram'
2019-03-25T05:39:20.979592Z 0 [Note] Shutting down plugin 'partition'
2019-03-25T05:39:20.979595Z 0 [Note] Shutting down plugin 'BLACKHOLE'
2019-03-25T05:39:20.979598Z 0 [Note] Shutting down plugin 'ARCHIVE'
2019-03-25T05:39:20.979601Z 0 [Note] Shutting down plugin 'PERFORMANCE_SCHEMA'
2019-03-25T05:39:20.979634Z 0 [Note] Shutting down plugin 'MRG_MYISAM'
2019-03-25T05:39:20.979638Z 0 [Note] Shutting down plugin 'MyISAM'
2019-03-25T05:39:20.979646Z 0 [Note] Shutting down plugin 'INNODB_SYS_VIRTUAL'
2019-03-25T05:39:20.979649Z 0 [Note] Shutting down plugin 'INNODB_SYS_DATAFILES'
2019-03-25T05:39:20.979651Z 0 [Note] Shutting down plugin 'INNODB_SYS_TABLESPACES'
2019-03-25T05:39:20.979653Z 0 [Note] Shutting down plugin 'INNODB_SYS_FOREIGN_COLS'
2019-03-25T05:39:20.979656Z 0 [Note] Shutting down plugin 'INNODB_SYS_FOREIGN'
2019-03-25T05:39:20.979658Z 0 [Note] Shutting down plugin 'INNODB_SYS_FIELDS'
2019-03-25T05:39:20.979660Z 0 [Note] Shutting down plugin 'INNODB_SYS_COLUMNS'
2019-03-25T05:39:20.979662Z 0 [Note] Shutting down plugin 'INNODB_SYS_INDEXES'
2019-03-25T05:39:20.979664Z 0 [Note] Shutting down plugin 'INNODB_SYS_TABLESTATS'
2019-03-25T05:39:20.979666Z 0 [Note] Shutting down plugin 'INNODB_SYS_TABLES'
2019-03-25T05:39:20.979668Z 0 [Note] Shutting down plugin 'INNODB_FT_INDEX_TABLE'
2019-03-25T05:39:20.979670Z 0 [Note] Shutting down plugin 'INNODB_FT_INDEX_CACHE'
2019-03-25T05:39:20.979672Z 0 [Note] Shutting down plugin 'INNODB_FT_CONFIG'
2019-03-25T05:39:20.979674Z 0 [Note] Shutting down plugin 'INNODB_FT_BEING_DELETED'
2019-03-25T05:39:20.979676Z 0 [Note] Shutting down plugin 'INNODB_FT_DELETED'
2019-03-25T05:39:20.979678Z 0 [Note] Shutting down plugin 'INNODB_FT_DEFAULT_STOPWORD'
2019-03-25T05:39:20.979680Z 0 [Note] Shutting down plugin 'INNODB_METRICS'
2019-03-25T05:39:20.979682Z 0 [Note] Shutting down plugin 'INNODB_TEMP_TABLE_INFO'
2019-03-25T05:39:20.979684Z 0 [Note] Shutting down plugin 'INNODB_BUFFER_POOL_STATS'
2019-03-25T05:39:20.979687Z 0 [Note] Shutting down plugin 'INNODB_BUFFER_PAGE_LRU'
2019-03-25T05:39:20.979688Z 0 [Note] Shutting down plugin 'INNODB_BUFFER_PAGE'
2019-03-25T05:39:20.979691Z 0 [Note] Shutting down plugin 'INNODB_CMP_PER_INDEX_RESET'
2019-03-25T05:39:20.979693Z 0 [Note] Shutting down plugin 'INNODB_CMP_PER_INDEX'
2019-03-25T05:39:20.979695Z 0 [Note] Shutting down plugin 'INNODB_CMPMEM_RESET'
2019-03-25T05:39:20.979697Z 0 [Note] Shutting down plugin 'INNODB_CMPMEM'
2019-03-25T05:39:20.979699Z 0 [Note] Shutting down plugin 'INNODB_CMP_RESET'
2019-03-25T05:39:20.979701Z 0 [Note] Shutting down plugin 'INNODB_CMP'
2019-03-25T05:39:20.979703Z 0 [Note] Shutting down plugin 'INNODB_LOCK_WAITS'
2019-03-25T05:39:20.979705Z 0 [Note] Shutting down plugin 'INNODB_LOCKS'
2019-03-25T05:39:20.979707Z 0 [Note] Shutting down plugin 'INNODB_TRX'
2019-03-25T05:39:20.979709Z 0 [Note] Shutting down plugin 'InnoDB'
2019-03-25T05:39:20.979758Z 0 [Note] InnoDB: FTS optimize thread exiting.
2019-03-25T05:39:20.979889Z 0 [Note] InnoDB: Starting shutdown...
2019-03-25T05:39:21.080193Z 0 [Note] InnoDB: Dumping buffer pool(s) to /var/lib/mysql/ib_buffer_pool
2019-03-25T05:39:21.080413Z 0 [Note] InnoDB: Buffer pool(s) dump completed at 190325  5:39:21
2019-03-25T05:39:22.672658Z 0 [Note] InnoDB: Shutdown completed; log sequence number 12361556
2019-03-25T05:39:22.673008Z 0 [Note] InnoDB: Removed temporary tablespace data file: "ibtmp1"
2019-03-25T05:39:22.673019Z 0 [Note] Shutting down plugin 'MEMORY'
2019-03-25T05:39:22.673028Z 0 [Note] Shutting down plugin 'CSV'
2019-03-25T05:39:22.673033Z 0 [Note] Shutting down plugin 'sha256_password'
2019-03-25T05:39:22.673036Z 0 [Note] Shutting down plugin 'mysql_native_password'
2019-03-25T05:39:22.673189Z 0 [Note] Shutting down plugin 'binlog'
2019-03-25T05:39:22.674749Z 0 [Note] mysqld: Shutdown complete

2019-03-25T05:39:22.930377Z 0 [Warning] TIMESTAMP with implicit DEFAULT value is deprecated. Please use --explicit_defaults_for_timestamp server option (see documentation for more details).
2019-03-25T05:39:22.932195Z 0 [Note] mysqld (mysqld 5.7.24-log) starting as process 1 ...
2019-03-25T05:39:22.935026Z 0 [Note] InnoDB: PUNCH HOLE support available
2019-03-25T05:39:22.935049Z 0 [Note] InnoDB: Mutexes and rw_locks use GCC atomic builtins
2019-03-25T05:39:22.935053Z 0 [Note] InnoDB: Uses event mutexes
2019-03-25T05:39:22.935058Z 0 [Note] InnoDB: GCC builtin __atomic_thread_fence() is used for memory barrier
2019-03-25T05:39:22.935061Z 0 [Note] InnoDB: Compressed tables use zlib 1.2.11
2019-03-25T05:39:22.935064Z 0 [Note] InnoDB: Using Linux native AIO
2019-03-25T05:39:22.935320Z 0 [Note] InnoDB: Number of pools: 1
2019-03-25T05:39:22.935433Z 0 [Note] InnoDB: Using CPU crc32 instructions
2019-03-25T05:39:22.937135Z 0 [Note] InnoDB: Initializing buffer pool, total size = 128M, instances = 1, chunk size = 128M
2019-03-25T05:39:22.945278Z 0 [Note] InnoDB: Completed initialization of buffer pool
2019-03-25T05:39:22.947539Z 0 [Note] InnoDB: If the mysqld execution user is authorized, page cleaner thread priority can be changed. See the man page of setpriority().
2019-03-25T05:39:22.959470Z 0 [Note] InnoDB: Highest supported file format is Barracuda.
2019-03-25T05:39:22.989001Z 0 [Note] InnoDB: Creating shared tablespace for temporary tables
2019-03-25T05:39:22.989055Z 0 [Note] InnoDB: Setting file './ibtmp1' size to 12 MB. Physically writing the file full; Please wait ...
2019-03-25T05:39:23.082606Z 0 [Note] InnoDB: File './ibtmp1' size is now 12 MB.
2019-03-25T05:39:23.083402Z 0 [Note] InnoDB: 96 redo rollback segment(s) found. 96 redo rollback segment(s) are active.
2019-03-25T05:39:23.083412Z 0 [Note] InnoDB: 32 non-redo rollback segment(s) are active.
2019-03-25T05:39:23.083700Z 0 [Note] InnoDB: Waiting for purge to start
2019-03-25T05:39:23.133891Z 0 [Note] InnoDB: 5.7.24 started; log sequence number 12361556
2019-03-25T05:39:23.134246Z 0 [Note] Plugin 'FEDERATED' is disabled.
2019-03-25T05:39:23.142622Z 0 [Note] Found ca.pem, server-cert.pem and server-key.pem in data directory. Trying to enable SSL support using them.
2019-03-25T05:39:23.142795Z 0 [Warning] CA certificate ca.pem is self signed.
2019-03-25T05:39:23.144587Z 0 [Note] Server hostname (bind-address): '*'; port: 3306
2019-03-25T05:39:23.144625Z 0 [Note] IPv6 is available.
2019-03-25T05:39:23.144634Z 0 [Note]   - '::' resolves to '::';
2019-03-25T05:39:23.144656Z 0 [Note] Server socket created on IP: '::'.
2019-03-25T05:39:23.144860Z 0 [Note] InnoDB: Loading buffer pool(s) from /var/lib/mysql/ib_buffer_pool
2019-03-25T05:39:23.148474Z 0 [Note] InnoDB: Buffer pool(s) load completed at 190325  5:39:23
2019-03-25T05:39:23.150350Z 0 [Warning] Insecure configuration for --pid-file: Location '/var/run/mysqld' in the path is accessible to all OS users. Consider choosing a different directory.
2019-03-25T05:39:23.154423Z 0 [Note] Failed to start slave threads for channel ''
2019-03-25T05:39:23.159094Z 0 [Note] Event Scheduler: Loaded 0 events
2019-03-25T05:39:23.159244Z 0 [Note] mysqld: ready for connections.
Version: '5.7.24-log'  socket: '/var/run/mysqld/mysqld.sock'  port: 3306  MySQL Community Server (GPL)
2019-03-25T05:44:53.992906Z 2 [Warning] IP address '115.171.245.97' could not be resolved: Name or service not known
2019-03-25T05:44:54.134538Z 2 [Note] Access denied for user 'root'@'115.171.245.97' (using password: NO)
2019-03-25T05:53:28.965345Z 5 [Note] 'CHANGE MASTER TO FOR CHANNEL '' executed'. Previous state master_host='', master_port= 3306, master_log_file='', master_log_pos= 4, master_bind=''. New state master_host='mysql1', master_port= 3306, master_log_file='bin-log.000003', master_log_pos= 154, master_bind=''.
2019-03-25T05:54:43.290811Z 5 [Note] 'CHANGE MASTER TO FOR CHANNEL '' executed'. Previous state master_host='mysql1', master_port= 3306, master_log_file='bin-log.000003', master_log_pos= 154, master_bind=''. New state master_host='mysql1', master_port= 3306, master_log_file='bin-log.000003', master_log_pos= 154, master_bind=''.
2019-03-25T05:54:46.172515Z 8 [Warning] Slave SQL for channel '': If a crash happens this configuration does not guarantee that the relay log info will be consistent, Error_code: 0
2019-03-25T05:54:46.172557Z 8 [Note] Slave SQL thread for channel '' initialized, starting replication in log 'bin-log.000003' at position 154, relay log './relay-log.000001' position: 4
2019-03-25T05:54:46.173092Z 7 [Note] Slave I/O thread for channel '': connected to master 'slave@mysql1:3306',replication started in log 'bin-log.000003' at position 154
2019-03-25T06:16:42.286490Z 14 [Warning] IP address '172.18.0.1' could not be resolved: Name or service not known
2019-03-25T07:56:41.094617Z 3 [Note] Aborted connection 3 to db: 'unconnected' user: 'root' host: '115.171.245.97' (Got timeout reading communication packets)
2019-03-25T07:56:45.702851Z 4 [Note] Aborted connection 4 to db: 'unconnected' user: 'root' host: '115.171.245.97' (Got timeout reading communication packets)
2019-03-25T08:01:40.614604Z 6 [Note] Aborted connection 6 to db: 'unconnected' user: 'root' host: '115.171.245.97' (Got timeout reading communication packets)
2019-03-25T08:06:30.406632Z 5 [Note] Aborted connection 5 to db: 'unconnected' user: 'root' host: '115.171.245.97' (Got timeout reading communication packets)
2019-03-25T08:06:35.526891Z 9 [Note] Aborted connection 9 to db: 'unconnected' user: 'root' host: '115.171.245.97' (Got timeout reading communication packets)
2019-03-25T08:16:58.118884Z 10 [Note] Aborted connection 10 to db: 'unconnected' user: 'root' host: '115.171.245.97' (Got timeout reading communication packets)
2019-03-25T08:16:58.119010Z 11 [Note] Aborted connection 11 to db: 'unconnected' user: 'root' host: '115.171.245.97' (Got timeout reading communication packets)
2019-03-25T20:20:38.233588Z 17 [Note] Got packets out of order
2019-03-26T01:39:18.289379Z 18 [Note] Got packets out of order
2019-03-26T09:16:48.327494Z 0 [Note] Giving 2 client threads a chance to die gracefully
2019-03-26T09:16:48.327524Z 0 [Note] Shutting down slave threads
2019-03-26T09:16:48.345286Z 8 [Note] Error reading relay log event for channel '': slave SQL thread was killed
2019-03-26T09:16:48.345319Z 8 [Note] Slave SQL thread for channel '' exiting, replication stopped in log 'bin-log.000003' at position 11475
2019-03-26T09:16:48.346377Z 7 [Note] Slave I/O thread killed while reading event for channel ''
2019-03-26T09:16:48.346388Z 7 [Note] Slave I/O thread exiting for channel '', read up to log 'bin-log.000003', position 11475
2019-03-26T09:16:48.348396Z 0 [Note] Forcefully disconnecting 0 remaining clients
2019-03-26T09:16:48.348424Z 0 [Note] Event Scheduler: Purging the queue. 0 events
2019-03-26T09:16:48.358597Z 0 [Note] Binlog end
2019-03-26T09:16:48.376164Z 0 [Note] Shutting down plugin 'ngram'
2019-03-26T09:16:48.376193Z 0 [Note] Shutting down plugin 'partition'
2019-03-26T09:16:48.376197Z 0 [Note] Shutting down plugin 'BLACKHOLE'
2019-03-26T09:16:48.376202Z 0 [Note] Shutting down plugin 'ARCHIVE'
2019-03-26T09:16:48.376205Z 0 [Note] Shutting down plugin 'PERFORMANCE_SCHEMA'
2019-03-26T09:16:48.376243Z 0 [Note] Shutting down plugin 'MRG_MYISAM'
2019-03-26T09:16:48.376249Z 0 [Note] Shutting down plugin 'MyISAM'
2019-03-26T09:16:48.376262Z 0 [Note] Shutting down plugin 'INNODB_SYS_VIRTUAL'
2019-03-26T09:16:48.376267Z 0 [Note] Shutting down plugin 'INNODB_SYS_DATAFILES'
2019-03-26T09:16:48.376269Z 0 [Note] Shutting down plugin 'INNODB_SYS_TABLESPACES'
2019-03-26T09:16:48.376271Z 0 [Note] Shutting down plugin 'INNODB_SYS_FOREIGN_COLS'
2019-03-26T09:16:48.376274Z 0 [Note] Shutting down plugin 'INNODB_SYS_FOREIGN'
2019-03-26T09:16:48.376276Z 0 [Note] Shutting down plugin 'INNODB_SYS_FIELDS'
2019-03-26T09:16:48.376278Z 0 [Note] Shutting down plugin 'INNODB_SYS_COLUMNS'
2019-03-26T09:16:48.376281Z 0 [Note] Shutting down plugin 'INNODB_SYS_INDEXES'
2019-03-26T09:16:48.376283Z 0 [Note] Shutting down plugin 'INNODB_SYS_TABLESTATS'
2019-03-26T09:16:48.376285Z 0 [Note] Shutting down plugin 'INNODB_SYS_TABLES'
2019-03-26T09:16:48.376287Z 0 [Note] Shutting down plugin 'INNODB_FT_INDEX_TABLE'
2019-03-26T09:16:48.376298Z 0 [Note] Shutting down plugin 'INNODB_FT_INDEX_CACHE'
2019-03-26T09:16:48.376301Z 0 [Note] Shutting down plugin 'INNODB_FT_CONFIG'
2019-03-26T09:16:48.376303Z 0 [Note] Shutting down plugin 'INNODB_FT_BEING_DELETED'
2019-03-26T09:16:48.376305Z 0 [Note] Shutting down plugin 'INNODB_FT_DELETED'
2019-03-26T09:16:48.376307Z 0 [Note] Shutting down plugin 'INNODB_FT_DEFAULT_STOPWORD'
2019-03-26T09:16:48.376309Z 0 [Note] Shutting down plugin 'INNODB_METRICS'
2019-03-26T09:16:48.376311Z 0 [Note] Shutting down plugin 'INNODB_TEMP_TABLE_INFO'
2019-03-26T09:16:48.376313Z 0 [Note] Shutting down plugin 'INNODB_BUFFER_POOL_STATS'
2019-03-26T09:16:48.376315Z 0 [Note] Shutting down plugin 'INNODB_BUFFER_PAGE_LRU'
2019-03-26T09:16:48.376317Z 0 [Note] Shutting down plugin 'INNODB_BUFFER_PAGE'
2019-03-26T09:16:48.376319Z 0 [Note] Shutting down plugin 'INNODB_CMP_PER_INDEX_RESET'
2019-03-26T09:16:48.376321Z 0 [Note] Shutting down plugin 'INNODB_CMP_PER_INDEX'
2019-03-26T09:16:48.376324Z 0 [Note] Shutting down plugin 'INNODB_CMPMEM_RESET'
2019-03-26T09:16:48.376326Z 0 [Note] Shutting down plugin 'INNODB_CMPMEM'
2019-03-26T09:16:48.376328Z 0 [Note] Shutting down plugin 'INNODB_CMP_RESET'
2019-03-26T09:16:48.376329Z 0 [Note] Shutting down plugin 'INNODB_CMP'
2019-03-26T09:16:48.376331Z 0 [Note] Shutting down plugin 'INNODB_LOCK_WAITS'
2019-03-26T09:16:48.376333Z 0 [Note] Shutting down plugin 'INNODB_LOCKS'
2019-03-26T09:16:48.376335Z 0 [Note] Shutting down plugin 'INNODB_TRX'
2019-03-26T09:16:48.376337Z 0 [Note] Shutting down plugin 'InnoDB'
2019-03-26T09:16:48.376443Z 0 [Note] InnoDB: FTS optimize thread exiting.
2019-03-26T09:16:48.376610Z 0 [Note] InnoDB: Starting shutdown...
2019-03-26T09:16:48.476964Z 0 [Note] InnoDB: Dumping buffer pool(s) to /var/lib/mysql/ib_buffer_pool
2019-03-26T09:16:48.477164Z 0 [Note] InnoDB: Buffer pool(s) dump completed at 190326  9:16:48
2019-03-26T09:16:49.916009Z 0 [Note] InnoDB: Shutdown completed; log sequence number 12547117
2019-03-26T09:16:49.927370Z 0 [Note] InnoDB: Removed temporary tablespace data file: "ibtmp1"
2019-03-26T09:16:49.927409Z 0 [Note] Shutting down plugin 'MEMORY'
2019-03-26T09:16:49.927416Z 0 [Note] Shutting down plugin 'CSV'
2019-03-26T09:16:49.927424Z 0 [Note] Shutting down plugin 'sha256_password'
2019-03-26T09:16:49.927426Z 0 [Note] Shutting down plugin 'mysql_native_password'
2019-03-26T09:16:49.927613Z 0 [Note] Shutting down plugin 'binlog'
2019-03-26T09:16:49.940934Z 0 [Note] mysqld: Shutdown complete

2019-03-26T09:20:30.876528Z 0 [Warning] TIMESTAMP with implicit DEFAULT value is deprecated. Please use --explicit_defaults_for_timestamp server option (see documentation for more details).
2019-03-26T09:20:30.879709Z 0 [Note] mysqld (mysqld 5.7.24-log) starting as process 1 ...
2019-03-26T09:20:30.892644Z 0 [Note] InnoDB: PUNCH HOLE support available
2019-03-26T09:20:30.892682Z 0 [Note] InnoDB: Mutexes and rw_locks use GCC atomic builtins
2019-03-26T09:20:30.892688Z 0 [Note] InnoDB: Uses event mutexes
2019-03-26T09:20:30.892696Z 0 [Note] InnoDB: GCC builtin __atomic_thread_fence() is used for memory barrier
2019-03-26T09:20:30.892702Z 0 [Note] InnoDB: Compressed tables use zlib 1.2.11
2019-03-26T09:20:30.892707Z 0 [Note] InnoDB: Using Linux native AIO
2019-03-26T09:20:30.893131Z 0 [Note] InnoDB: Number of pools: 1
2019-03-26T09:20:30.896964Z 0 [Note] InnoDB: Using CPU crc32 instructions
2019-03-26T09:20:30.899663Z 0 [Note] InnoDB: Initializing buffer pool, total size = 128M, instances = 1, chunk size = 128M
2019-03-26T09:20:30.912011Z 0 [Note] InnoDB: Completed initialization of buffer pool
2019-03-26T09:20:30.916027Z 0 [Note] InnoDB: If the mysqld execution user is authorized, page cleaner thread priority can be changed. See the man page of setpriority().
2019-03-26T09:20:30.959874Z 0 [Note] InnoDB: Highest supported file format is Barracuda.
2019-03-26T09:20:31.111000Z 0 [Note] InnoDB: Creating shared tablespace for temporary tables
2019-03-26T09:20:31.111066Z 0 [Note] InnoDB: Setting file './ibtmp1' size to 12 MB. Physically writing the file full; Please wait ...
2019-03-26T09:20:31.226607Z 0 [Note] InnoDB: File './ibtmp1' size is now 12 MB.
2019-03-26T09:20:31.227292Z 0 [Note] InnoDB: 96 redo rollback segment(s) found. 96 redo rollback segment(s) are active.
2019-03-26T09:20:31.227305Z 0 [Note] InnoDB: 32 non-redo rollback segment(s) are active.
2019-03-26T09:20:31.228492Z 0 [Note] InnoDB: Waiting for purge to start
2019-03-26T09:20:31.278696Z 0 [Note] InnoDB: 5.7.24 started; log sequence number 12547117
2019-03-26T09:20:31.279954Z 0 [Note] Plugin 'FEDERATED' is disabled.
2019-03-26T09:20:31.280306Z 0 [Note] InnoDB: Loading buffer pool(s) from /var/lib/mysql/ib_buffer_pool
2019-03-26T09:20:31.436941Z 0 [Note] InnoDB: Buffer pool(s) load completed at 190326  9:20:31
2019-03-26T09:20:31.452146Z 0 [Note] Found ca.pem, server-cert.pem and server-key.pem in data directory. Trying to enable SSL support using them.
2019-03-26T09:20:31.484810Z 0 [Warning] CA certificate ca.pem is self signed.
2019-03-26T09:20:31.487199Z 0 [Note] Server hostname (bind-address): '*'; port: 3306
2019-03-26T09:20:31.487283Z 0 [Note] IPv6 is available.
2019-03-26T09:20:31.487307Z 0 [Note]   - '::' resolves to '::';
2019-03-26T09:20:31.487365Z 0 [Note] Server socket created on IP: '::'.
2019-03-26T09:20:31.491854Z 0 [Warning] Insecure configuration for --pid-file: Location '/var/run/mysqld' in the path is accessible to all OS users. Consider choosing a different directory.
2019-03-26T09:20:31.887672Z 1 [Warning] Storing MySQL user name or password information in the master info repository is not secure and is therefore not recommended. Please consider using the USER and PASSWORD connection options for START SLAVE; see the 'START SLAVE Syntax' in the MySQL Manual for more information.
2019-03-26T09:20:31.889071Z 2 [Warning] Slave SQL for channel '': If a crash happens this configuration does not guarantee that the relay log info will be consistent, Error_code: 0
2019-03-26T09:20:31.889155Z 2 [Note] Slave SQL thread for channel '' initialized, starting replication in log 'bin-log.000003' at position 11475, relay log './relay-log.000002' position: 11639
2019-03-26T09:20:31.999209Z 0 [Note] Event Scheduler: Loaded 0 events
2019-03-26T09:20:31.999379Z 0 [Note] mysqld: ready for connections.
Version: '5.7.24-log'  socket: '/var/run/mysqld/mysqld.sock'  port: 3306  MySQL Community Server (GPL)
2019-03-26T09:20:32.000243Z 1 [Note] Slave I/O thread for channel '': connected to master 'slave@mysql1:3306',replication started in log 'bin-log.000003' at position 11475
2019-03-26T20:31:59.085628Z 4 [Warning] IP address '172.18.0.1' could not be resolved: Name or service not known
2019-03-26T20:32:04.073741Z 4 [Note] Got packets out of order
2019-03-27T04:03:22.575783Z 5 [Note] Got packets out of order
2019-03-27T19:53:57.924148Z 6 [Note] Got packets out of order
2019-03-28T01:12:59.111975Z 7 [Note] Got packets out of order
2019-03-28T20:13:54.171667Z 8 [Note] Got packets out of order
2019-03-29T01:37:06.031552Z 9 [Note] Got packets out of order
2019-03-30T07:07:44.462631Z 0 [Note] Giving 2 client threads a chance to die gracefully
2019-03-30T07:07:44.462689Z 0 [Note] Shutting down slave threads
2019-03-30T07:07:44.462761Z 2 [Note] Error reading relay log event for channel '': slave SQL thread was killed
2019-03-30T07:07:44.479282Z 2 [Note] Slave SQL thread for channel '' exiting, replication stopped in log 'bin-log.000004' at position 2352
2019-03-30T07:07:44.488436Z 1 [Note] Slave I/O thread killed while reading event for channel ''
2019-03-30T07:07:44.488473Z 1 [Note] Slave I/O thread exiting for channel '', read up to log 'bin-log.000004', position 2352
2019-03-30T07:07:44.503280Z 0 [Note] Forcefully disconnecting 0 remaining clients
2019-03-30T07:07:44.503320Z 0 [Note] Event Scheduler: Purging the queue. 0 events
2019-03-30T07:07:44.530762Z 0 [Note] Binlog end
2019-03-30T07:07:44.533491Z 0 [Note] Shutting down plugin 'ngram'
2019-03-30T07:07:44.552866Z 0 [Note] Shutting down plugin 'partition'
2019-03-30T07:07:44.553193Z 0 [Note] Shutting down plugin 'BLACKHOLE'
2019-03-30T07:07:44.581307Z 0 [Note] Shutting down plugin 'ARCHIVE'
2019-03-30T07:07:44.581328Z 0 [Note] Shutting down plugin 'PERFORMANCE_SCHEMA'
2019-03-30T07:07:44.581373Z 0 [Note] Shutting down plugin 'MRG_MYISAM'
2019-03-30T07:07:44.597267Z 0 [Note] Shutting down plugin 'MyISAM'
2019-03-30T07:07:44.597315Z 0 [Note] Shutting down plugin 'INNODB_SYS_VIRTUAL'
2019-03-30T07:07:44.597321Z 0 [Note] Shutting down plugin 'INNODB_SYS_DATAFILES'
2019-03-30T07:07:44.597326Z 0 [Note] Shutting down plugin 'INNODB_SYS_TABLESPACES'
2019-03-30T07:07:44.597330Z 0 [Note] Shutting down plugin 'INNODB_SYS_FOREIGN_COLS'
2019-03-30T07:07:44.597334Z 0 [Note] Shutting down plugin 'INNODB_SYS_FOREIGN'
2019-03-30T07:07:44.597339Z 0 [Note] Shutting down plugin 'INNODB_SYS_FIELDS'
2019-03-30T07:07:44.597343Z 0 [Note] Shutting down plugin 'INNODB_SYS_COLUMNS'
2019-03-30T07:07:44.597347Z 0 [Note] Shutting down plugin 'INNODB_SYS_INDEXES'
2019-03-30T07:07:44.597351Z 0 [Note] Shutting down plugin 'INNODB_SYS_TABLESTATS'
2019-03-30T07:07:44.597355Z 0 [Note] Shutting down plugin 'INNODB_SYS_TABLES'
2019-03-30T07:07:44.597359Z 0 [Note] Shutting down plugin 'INNODB_FT_INDEX_TABLE'
2019-03-30T07:07:44.597363Z 0 [Note] Shutting down plugin 'INNODB_FT_INDEX_CACHE'
2019-03-30T07:07:44.597367Z 0 [Note] Shutting down plugin 'INNODB_FT_CONFIG'
2019-03-30T07:07:44.597371Z 0 [Note] Shutting down plugin 'INNODB_FT_BEING_DELETED'
2019-03-30T07:07:44.597375Z 0 [Note] Shutting down plugin 'INNODB_FT_DELETED'
2019-03-30T07:07:44.597379Z 0 [Note] Shutting down plugin 'INNODB_FT_DEFAULT_STOPWORD'
2019-03-30T07:07:44.597383Z 0 [Note] Shutting down plugin 'INNODB_METRICS'
2019-03-30T07:07:44.597387Z 0 [Note] Shutting down plugin 'INNODB_TEMP_TABLE_INFO'
2019-03-30T07:07:44.597391Z 0 [Note] Shutting down plugin 'INNODB_BUFFER_POOL_STATS'
2019-03-30T07:07:44.597395Z 0 [Note] Shutting down plugin 'INNODB_BUFFER_PAGE_LRU'
2019-03-30T07:07:44.597399Z 0 [Note] Shutting down plugin 'INNODB_BUFFER_PAGE'
2019-03-30T07:07:44.597403Z 0 [Note] Shutting down plugin 'INNODB_CMP_PER_INDEX_RESET'
2019-03-30T07:07:44.597407Z 0 [Note] Shutting down plugin 'INNODB_CMP_PER_INDEX'
2019-03-30T07:07:44.597413Z 0 [Note] Shutting down plugin 'INNODB_CMPMEM_RESET'
2019-03-30T07:07:44.597417Z 0 [Note] Shutting down plugin 'INNODB_CMPMEM'
2019-03-30T07:07:44.597421Z 0 [Note] Shutting down plugin 'INNODB_CMP_RESET'
2019-03-30T07:07:44.597425Z 0 [Note] Shutting down plugin 'INNODB_CMP'
2019-03-30T07:07:44.597429Z 0 [Note] Shutting down plugin 'INNODB_LOCK_WAITS'
2019-03-30T07:07:44.597433Z 0 [Note] Shutting down plugin 'INNODB_LOCKS'
2019-03-30T07:07:44.597437Z 0 [Note] Shutting down plugin 'INNODB_TRX'
2019-03-30T07:07:44.597441Z 0 [Note] Shutting down plugin 'InnoDB'
2019-03-30T07:07:44.636288Z 0 [Note] InnoDB: FTS optimize thread exiting.
2019-03-30T07:07:44.636531Z 0 [Note] InnoDB: Starting shutdown...
2019-03-30T07:07:44.761314Z 0 [Note] InnoDB: Dumping buffer pool(s) to /var/lib/mysql/ib_buffer_pool
2019-03-30T07:07:44.761475Z 0 [Note] InnoDB: Buffer pool(s) dump completed at 190330  7:07:44
2019-03-30T07:07:46.211425Z 0 [Note] InnoDB: Shutdown completed; log sequence number 12548911
2019-03-30T07:07:46.211678Z 0 [Note] InnoDB: Removed temporary tablespace data file: "ibtmp1"
2019-03-30T07:07:46.211691Z 0 [Note] Shutting down plugin 'MEMORY'
2019-03-30T07:07:46.211703Z 0 [Note] Shutting down plugin 'CSV'
2019-03-30T07:07:46.211709Z 0 [Note] Shutting down plugin 'sha256_password'
2019-03-30T07:07:46.211713Z 0 [Note] Shutting down plugin 'mysql_native_password'
2019-03-30T07:07:46.211893Z 0 [Note] Shutting down plugin 'binlog'
2019-03-30T07:07:46.228763Z 0 [Note] mysqld: Shutdown complete

2019-03-30T07:08:02.174047Z 0 [Warning] TIMESTAMP with implicit DEFAULT value is deprecated. Please use --explicit_defaults_for_timestamp server option (see documentation for more details).
2019-03-30T07:08:02.180888Z 0 [Note] mysqld (mysqld 5.7.24-log) starting as process 1 ...
2019-03-30T07:08:02.185545Z 0 [Note] InnoDB: PUNCH HOLE support available
2019-03-30T07:08:02.185588Z 0 [Note] InnoDB: Mutexes and rw_locks use GCC atomic builtins
2019-03-30T07:08:02.185603Z 0 [Note] InnoDB: Uses event mutexes
2019-03-30T07:08:02.185612Z 0 [Note] InnoDB: GCC builtin __atomic_thread_fence() is used for memory barrier
2019-03-30T07:08:02.185617Z 0 [Note] InnoDB: Compressed tables use zlib 1.2.11
2019-03-30T07:08:02.185622Z 0 [Note] InnoDB: Using Linux native AIO
2019-03-30T07:08:02.186052Z 0 [Note] InnoDB: Number of pools: 1
2019-03-30T07:08:02.186275Z 0 [Note] InnoDB: Using CPU crc32 instructions
2019-03-30T07:08:02.197478Z 0 [Note] InnoDB: Initializing buffer pool, total size = 128M, instances = 1, chunk size = 128M
2019-03-30T07:08:02.224702Z 0 [Note] InnoDB: Completed initialization of buffer pool
2019-03-30T07:08:02.229125Z 0 [Note] InnoDB: If the mysqld execution user is authorized, page cleaner thread priority can be changed. See the man page of setpriority().
2019-03-30T07:08:02.809567Z 0 [Note] InnoDB: Highest supported file format is Barracuda.
2019-03-30T07:08:02.966297Z 0 [Note] InnoDB: Creating shared tablespace for temporary tables
2019-03-30T07:08:02.966392Z 0 [Note] InnoDB: Setting file './ibtmp1' size to 12 MB. Physically writing the file full; Please wait ...
2019-03-30T07:08:03.071599Z 0 [Note] InnoDB: File './ibtmp1' size is now 12 MB.
2019-03-30T07:08:03.072460Z 0 [Note] InnoDB: 96 redo rollback segment(s) found. 96 redo rollback segment(s) are active.
2019-03-30T07:08:03.072479Z 0 [Note] InnoDB: 32 non-redo rollback segment(s) are active.
2019-03-30T07:08:03.073476Z 0 [Note] InnoDB: Waiting for purge to start
2019-03-30T07:08:03.123739Z 0 [Note] InnoDB: 5.7.24 started; log sequence number 12548911
2019-03-30T07:08:03.124225Z 0 [Note] Plugin 'FEDERATED' is disabled.
2019-03-30T07:08:03.124618Z 0 [Note] InnoDB: Loading buffer pool(s) from /var/lib/mysql/ib_buffer_pool
2019-03-30T07:08:03.254499Z 0 [Note] Found ca.pem, server-cert.pem and server-key.pem in data directory. Trying to enable SSL support using them.
2019-03-30T07:08:03.272646Z 0 [Warning] CA certificate ca.pem is self signed.
2019-03-30T07:08:03.274981Z 0 [Note] Server hostname (bind-address): '*'; port: 3306
2019-03-30T07:08:03.275046Z 0 [Note] IPv6 is available.
2019-03-30T07:08:03.275062Z 0 [Note]   - '::' resolves to '::';
2019-03-30T07:08:03.275094Z 0 [Note] Server socket created on IP: '::'.
2019-03-30T07:08:03.277964Z 0 [Warning] Insecure configuration for --pid-file: Location '/var/run/mysqld' in the path is accessible to all OS users. Consider choosing a different directory.
2019-03-30T07:08:03.370266Z 0 [Note] InnoDB: Buffer pool(s) load completed at 190330  7:08:03
2019-03-30T07:08:03.482307Z 1 [Warning] Storing MySQL user name or password information in the master info repository is not secure and is therefore not recommended. Please consider using the USER and PASSWORD connection options for START SLAVE; see the 'START SLAVE Syntax' in the MySQL Manual for more information.
2019-03-30T07:08:03.483877Z 2 [Warning] Slave SQL for channel '': If a crash happens this configuration does not guarantee that the relay log info will be consistent, Error_code: 0
2019-03-30T07:08:03.483998Z 2 [Note] Slave SQL thread for channel '' initialized, starting replication in log 'bin-log.000004' at position 2352, relay log './relay-log.000005' position: 2561
2019-03-30T07:08:03.651265Z 0 [Note] Event Scheduler: Loaded 0 events
2019-03-30T07:08:03.651469Z 0 [Note] mysqld: ready for connections.
Version: '5.7.24-log'  socket: '/var/run/mysqld/mysqld.sock'  port: 3306  MySQL Community Server (GPL)
2019-03-30T07:08:03.652570Z 1 [Note] Slave I/O thread for channel '': connected to master 'slave@mysql1:3306',replication started in log 'bin-log.000004' at position 2352
2019-03-30T07:19:44.193691Z 0 [Note] Giving 2 client threads a chance to die gracefully
2019-03-30T07:19:44.193731Z 0 [Note] Shutting down slave threads
2019-03-30T07:19:44.193781Z 2 [Note] Error reading relay log event for channel '': slave SQL thread was killed
2019-03-30T07:19:44.193792Z 2 [Note] Slave SQL thread for channel '' exiting, replication stopped in log 'bin-log.000005' at position 154
2019-03-30T07:19:44.196343Z 1 [Note] Slave I/O thread killed while reading event for channel ''
2019-03-30T07:19:44.196363Z 1 [Note] Slave I/O thread exiting for channel '', read up to log 'bin-log.000005', position 154
2019-03-30T07:19:44.211981Z 0 [Note] Forcefully disconnecting 0 remaining clients
2019-03-30T07:19:44.212025Z 0 [Note] Event Scheduler: Purging the queue. 0 events
2019-03-30T07:19:44.237463Z 0 [Note] Binlog end
2019-03-30T07:19:44.238080Z 0 [Note] Shutting down plugin 'ngram'
2019-03-30T07:19:44.238098Z 0 [Note] Shutting down plugin 'partition'
2019-03-30T07:19:44.238104Z 0 [Note] Shutting down plugin 'BLACKHOLE'
2019-03-30T07:19:44.238112Z 0 [Note] Shutting down plugin 'ARCHIVE'
2019-03-30T07:19:44.238117Z 0 [Note] Shutting down plugin 'PERFORMANCE_SCHEMA'
2019-03-30T07:19:44.238157Z 0 [Note] Shutting down plugin 'MRG_MYISAM'
2019-03-30T07:19:44.238165Z 0 [Note] Shutting down plugin 'MyISAM'
2019-03-30T07:19:44.238184Z 0 [Note] Shutting down plugin 'INNODB_SYS_VIRTUAL'
2019-03-30T07:19:44.238190Z 0 [Note] Shutting down plugin 'INNODB_SYS_DATAFILES'
2019-03-30T07:19:44.238194Z 0 [Note] Shutting down plugin 'INNODB_SYS_TABLESPACES'
2019-03-30T07:19:44.238198Z 0 [Note] Shutting down plugin 'INNODB_SYS_FOREIGN_COLS'
2019-03-30T07:19:44.238202Z 0 [Note] Shutting down plugin 'INNODB_SYS_FOREIGN'
2019-03-30T07:19:44.238206Z 0 [Note] Shutting down plugin 'INNODB_SYS_FIELDS'
2019-03-30T07:19:44.238210Z 0 [Note] Shutting down plugin 'INNODB_SYS_COLUMNS'
2019-03-30T07:19:44.238214Z 0 [Note] Shutting down plugin 'INNODB_SYS_INDEXES'
2019-03-30T07:19:44.238218Z 0 [Note] Shutting down plugin 'INNODB_SYS_TABLESTATS'
2019-03-30T07:19:44.238222Z 0 [Note] Shutting down plugin 'INNODB_SYS_TABLES'
2019-03-30T07:19:44.238226Z 0 [Note] Shutting down plugin 'INNODB_FT_INDEX_TABLE'
2019-03-30T07:19:44.238254Z 0 [Note] Shutting down plugin 'INNODB_FT_INDEX_CACHE'
2019-03-30T07:19:44.238259Z 0 [Note] Shutting down plugin 'INNODB_FT_CONFIG'
2019-03-30T07:19:44.238263Z 0 [Note] Shutting down plugin 'INNODB_FT_BEING_DELETED'
2019-03-30T07:19:44.238267Z 0 [Note] Shutting down plugin 'INNODB_FT_DELETED'
2019-03-30T07:19:44.238271Z 0 [Note] Shutting down plugin 'INNODB_FT_DEFAULT_STOPWORD'
2019-03-30T07:19:44.238275Z 0 [Note] Shutting down plugin 'INNODB_METRICS'
2019-03-30T07:19:44.238279Z 0 [Note] Shutting down plugin 'INNODB_TEMP_TABLE_INFO'
2019-03-30T07:19:44.238283Z 0 [Note] Shutting down plugin 'INNODB_BUFFER_POOL_STATS'
2019-03-30T07:19:44.238287Z 0 [Note] Shutting down plugin 'INNODB_BUFFER_PAGE_LRU'
2019-03-30T07:19:44.238291Z 0 [Note] Shutting down plugin 'INNODB_BUFFER_PAGE'
2019-03-30T07:19:44.238295Z 0 [Note] Shutting down plugin 'INNODB_CMP_PER_INDEX_RESET'
2019-03-30T07:19:44.238300Z 0 [Note] Shutting down plugin 'INNODB_CMP_PER_INDEX'
2019-03-30T07:19:44.238304Z 0 [Note] Shutting down plugin 'INNODB_CMPMEM_RESET'
2019-03-30T07:19:44.238308Z 0 [Note] Shutting down plugin 'INNODB_CMPMEM'
2019-03-30T07:19:44.238312Z 0 [Note] Shutting down plugin 'INNODB_CMP_RESET'
2019-03-30T07:19:44.238316Z 0 [Note] Shutting down plugin 'INNODB_CMP'
2019-03-30T07:19:44.238320Z 0 [Note] Shutting down plugin 'INNODB_LOCK_WAITS'
2019-03-30T07:19:44.238324Z 0 [Note] Shutting down plugin 'INNODB_LOCKS'
2019-03-30T07:19:44.238328Z 0 [Note] Shutting down plugin 'INNODB_TRX'
2019-03-30T07:19:44.238332Z 0 [Note] Shutting down plugin 'InnoDB'
2019-03-30T07:19:44.238406Z 0 [Note] InnoDB: FTS optimize thread exiting.
2019-03-30T07:19:44.238547Z 0 [Note] InnoDB: Starting shutdown...
2019-03-30T07:19:44.344466Z 0 [Note] InnoDB: Dumping buffer pool(s) to /var/lib/mysql/ib_buffer_pool
2019-03-30T07:19:44.344655Z 0 [Note] InnoDB: Buffer pool(s) dump completed at 190330  7:19:44
2019-03-30T07:19:45.295117Z 0 [Note] InnoDB: Shutdown completed; log sequence number 12548939
2019-03-30T07:19:45.296975Z 0 [Note] InnoDB: Removed temporary tablespace data file: "ibtmp1"
2019-03-30T07:19:45.296997Z 0 [Note] Shutting down plugin 'MEMORY'
2019-03-30T07:19:45.297011Z 0 [Note] Shutting down plugin 'CSV'
2019-03-30T07:19:45.297018Z 0 [Note] Shutting down plugin 'sha256_password'
2019-03-30T07:19:45.297032Z 0 [Note] Shutting down plugin 'mysql_native_password'
2019-03-30T07:19:45.297203Z 0 [Note] Shutting down plugin 'binlog'
2019-03-30T07:19:45.298096Z 0 [Note] mysqld: Shutdown complete

2019-03-30T07:19:59.840245Z 0 [Warning] TIMESTAMP with implicit DEFAULT value is deprecated. Please use --explicit_defaults_for_timestamp server option (see documentation for more details).
2019-03-30T07:19:59.849843Z 0 [Note] mysqld (mysqld 5.7.24-log) starting as process 1 ...
2019-03-30T07:19:59.854228Z 0 [Note] InnoDB: PUNCH HOLE support available
2019-03-30T07:19:59.854274Z 0 [Note] InnoDB: Mutexes and rw_locks use GCC atomic builtins
2019-03-30T07:19:59.854280Z 0 [Note] InnoDB: Uses event mutexes
2019-03-30T07:19:59.854288Z 0 [Note] InnoDB: GCC builtin __atomic_thread_fence() is used for memory barrier
2019-03-30T07:19:59.854293Z 0 [Note] InnoDB: Compressed tables use zlib 1.2.11
2019-03-30T07:19:59.854298Z 0 [Note] InnoDB: Using Linux native AIO
2019-03-30T07:19:59.854752Z 0 [Note] InnoDB: Number of pools: 1
2019-03-30T07:19:59.854969Z 0 [Note] InnoDB: Using CPU crc32 instructions
2019-03-30T07:19:59.862911Z 0 [Note] InnoDB: Initializing buffer pool, total size = 128M, instances = 1, chunk size = 128M
2019-03-30T07:19:59.885985Z 0 [Note] InnoDB: Completed initialization of buffer pool
2019-03-30T07:19:59.896420Z 0 [Note] InnoDB: If the mysqld execution user is authorized, page cleaner thread priority can be changed. See the man page of setpriority().
2019-03-30T07:19:59.949775Z 0 [Note] InnoDB: Highest supported file format is Barracuda.
2019-03-30T07:20:00.407790Z 0 [Note] InnoDB: Creating shared tablespace for temporary tables
2019-03-30T07:20:00.407869Z 0 [Note] InnoDB: Setting file './ibtmp1' size to 12 MB. Physically writing the file full; Please wait ...
2019-03-30T07:20:00.517405Z 0 [Note] InnoDB: File './ibtmp1' size is now 12 MB.
2019-03-30T07:20:00.518389Z 0 [Note] InnoDB: 96 redo rollback segment(s) found. 96 redo rollback segment(s) are active.
2019-03-30T07:20:00.518406Z 0 [Note] InnoDB: 32 non-redo rollback segment(s) are active.
2019-03-30T07:20:00.518735Z 0 [Note] InnoDB: Waiting for purge to start
2019-03-30T07:20:00.568989Z 0 [Note] InnoDB: 5.7.24 started; log sequence number 12548939
2019-03-30T07:20:00.569570Z 0 [Note] Plugin 'FEDERATED' is disabled.
2019-03-30T07:20:00.582098Z 0 [Note] Found ca.pem, server-cert.pem and server-key.pem in data directory. Trying to enable SSL support using them.
2019-03-30T07:20:00.582752Z 0 [Warning] CA certificate ca.pem is self signed.
2019-03-30T07:20:00.585779Z 0 [Note] InnoDB: Loading buffer pool(s) from /var/lib/mysql/ib_buffer_pool
2019-03-30T07:20:00.589163Z 0 [Note] InnoDB: Buffer pool(s) load completed at 190330  7:20:00
2019-03-30T07:20:00.589912Z 0 [Note] Server hostname (bind-address): '*'; port: 3306
2019-03-30T07:20:00.589993Z 0 [Note] IPv6 is available.
2019-03-30T07:20:00.590015Z 0 [Note]   - '::' resolves to '::';
2019-03-30T07:20:00.590051Z 0 [Note] Server socket created on IP: '::'.
2019-03-30T07:20:00.617560Z 0 [Warning] Insecure configuration for --pid-file: Location '/var/run/mysqld' in the path is accessible to all OS users. Consider choosing a different directory.
2019-03-30T07:20:00.716342Z 0 [Note] Event Scheduler: Loaded 0 events
2019-03-30T07:20:00.716562Z 1 [Warning] Storing MySQL user name or password information in the master info repository is not secure and is therefore not recommended. Please consider using the USER and PASSWORD connection options for START SLAVE; see the 'START SLAVE Syntax' in the MySQL Manual for more information.
2019-03-30T07:20:00.717443Z 0 [Note] mysqld: ready for connections.
Version: '5.7.24-log'  socket: '/var/run/mysqld/mysqld.sock'  port: 3306  MySQL Community Server (GPL)
2019-03-30T07:20:00.718880Z 2 [Warning] Slave SQL for channel '': If a crash happens this configuration does not guarantee that the relay log info will be consistent, Error_code: 0
2019-03-30T07:20:00.718974Z 2 [Note] Slave SQL thread for channel '' initialized, starting replication in log 'bin-log.000005' at position 154, relay log './relay-log.000008' position: 363
2019-03-30T07:20:00.720060Z 1 [Note] Slave I/O thread for channel '': connected to master 'slave@mysql1:3306',replication started in log 'bin-log.000005' at position 154
2019-03-30T15:25:38.655821Z 4 [Warning] IP address '172.18.0.1' could not be resolved: Name or service not known
2019-03-30T15:25:42.687913Z 4 [Note] Access denied for user 'ROUTER'@'172.18.0.1' (using password: YES)
2019-03-31T22:51:17.291899Z 5 [Warning] IP address '193.188.22.68' could not be resolved: Name or service not known
2019-03-31T22:51:17.302210Z 5 [Note] Got packets out of order
2019-04-01T13:27:26.544189Z 6 [Note] Access denied for user 'root'@'172.18.0.1' (using password: YES)
2019-04-02T03:10:02.236859Z 7 [Note] Access denied for user 'ROUTER'@'172.18.0.1' (using password: YES)
2019-04-02T13:38:21.505557Z 8 [Note] Access denied for user 'ROUTER'@'172.18.0.1' (using password: YES)
2019-04-03T06:46:21.109353Z 9 [Note] Got packets out of order
2019-04-03T12:22:25.493795Z 10 [Note] Got packets out of order
2019-04-03T17:46:56.914690Z 11 [Note] Got packets out of order
2019-04-03T21:30:01.657219Z 12 [Note] Got packets out of order
2019-04-04T04:39:47.476132Z 13 [Note] Got packets out of order
2019-04-04T07:13:59.944009Z 14 [Note] Access denied for user 'ROUTER'@'172.18.0.1' (using password: YES)
2019-04-04T07:37:19.956532Z 15 [Note] Got packets out of order
2019-04-04T09:14:19.221529Z 16 [Note] Access denied for user 'ROUTER'@'172.18.0.1' (using password: YES)
2019-04-04T13:48:51.603536Z 17 [Note] Got packets out of order
2019-04-05T16:34:27.468221Z 18 [Note] Got packets out of order
2019-04-05T17:42:08.258736Z 19 [Note] Access denied for user 'ROUTER'@'172.18.0.1' (using password: YES)
2019-04-05T19:57:12.476619Z 20 [Note] Got packets out of order
2019-04-06T02:52:20.720399Z 21 [Note] Got packets out of order
2019-04-06T20:18:39.822669Z 22 [Note] Got packets out of order
2019-04-06T23:53:43.953017Z 23 [Note] Got packets out of order
2019-04-07T02:16:32.868061Z 24 [Note] Bad handshake
2019-04-07T04:40:37.408126Z 25 [Note] Access denied for user 'root'@'172.18.0.1' (using password: YES)
2019-04-07T16:22:09.250487Z 26 [Note] Got packets out of order
2019-04-07T17:11:19.401260Z 27 [Note] Access denied for user 'root'@'172.18.0.1' (using password: YES)
2019-04-07T17:11:24.498173Z 28 [Note] Access denied for user 'root'@'172.18.0.1' (using password: YES)
2019-04-07T17:11:27.379320Z 29 [Note] Access denied for user 'root'@'172.18.0.1' (using password: YES)
2019-04-07T17:11:31.364440Z 30 [Note] Access denied for user 'root'@'172.18.0.1' (using password: YES)
2019-04-07T17:11:34.232259Z 31 [Note] Access denied for user 'root'@'172.18.0.1' (using password: YES)
2019-04-07T17:11:37.625173Z 32 [Note] Access denied for user 'root'@'172.18.0.1' (using password: YES)
2019-04-07T17:11:41.577136Z 33 [Note] Access denied for user 'root'@'172.18.0.1' (using password: YES)
2019-04-07T18:36:46.990301Z 34 [Note] Got packets out of order
2019-04-08T01:45:07.764594Z 35 [Note] Got packets out of order
2019-04-08T13:28:20.643523Z 36 [Note] Access denied for user 'root'@'172.18.0.1' (using password: YES)
2019-04-08T13:28:22.673677Z 37 [Note] Access denied for user 'root'@'172.18.0.1' (using password: YES)
2019-04-08T13:28:24.357697Z 38 [Note] Access denied for user 'root'@'172.18.0.1' (using password: YES)
2019-04-08T13:28:26.046869Z 39 [Note] Access denied for user 'root'@'172.18.0.1' (using password: YES)
2019-04-08T13:28:27.714822Z 40 [Note] Access denied for user 'root'@'172.18.0.1' (using password: YES)
2019-04-08T13:28:29.405300Z 41 [Note] Access denied for user 'root'@'172.18.0.1' (using password: YES)
2019-04-08T13:28:31.063622Z 42 [Note] Access denied for user 'root'@'172.18.0.1' (using password: YES)
2019-04-08T21:28:48.409944Z 43 [Note] Got packets out of order
2019-04-09T00:58:58.147268Z 44 [Note] Got packets out of order
2019-04-09T11:33:46.137083Z 45 [Note] Got packets out of order
2019-04-09T12:29:45.445262Z 0 [Note] Giving 2 client threads a chance to die gracefully
2019-04-09T12:29:45.445301Z 0 [Note] Shutting down slave threads
2019-04-09T12:29:45.445388Z 2 [Note] Error reading relay log event for channel '': slave SQL thread was killed
2019-04-09T12:29:45.445402Z 2 [Note] Slave SQL thread for channel '' exiting, replication stopped in log 'bin-log.000006' at position 154
2019-04-09T12:29:45.492506Z 1 [Note] Slave I/O thread killed while reading event for channel ''
2019-04-09T12:29:45.492541Z 1 [Note] Slave I/O thread exiting for channel '', read up to log 'bin-log.000006', position 154
2019-04-09T12:29:45.493604Z 0 [Note] Forcefully disconnecting 0 remaining clients
2019-04-09T12:29:45.493639Z 0 [Note] Event Scheduler: Purging the queue. 0 events
2019-04-09T12:29:45.569339Z 0 [Note] Binlog end
2019-04-09T12:29:45.570260Z 0 [Note] Shutting down plugin 'ngram'
2019-04-09T12:29:45.570285Z 0 [Note] Shutting down plugin 'partition'
2019-04-09T12:29:45.570293Z 0 [Note] Shutting down plugin 'BLACKHOLE'
2019-04-09T12:29:45.570303Z 0 [Note] Shutting down plugin 'ARCHIVE'
2019-04-09T12:29:45.570309Z 0 [Note] Shutting down plugin 'PERFORMANCE_SCHEMA'
2019-04-09T12:29:45.570385Z 0 [Note] Shutting down plugin 'MRG_MYISAM'
2019-04-09T12:29:45.596926Z 0 [Note] Shutting down plugin 'MyISAM'
2019-04-09T12:29:45.597000Z 0 [Note] Shutting down plugin 'INNODB_SYS_VIRTUAL'
2019-04-09T12:29:45.597015Z 0 [Note] Shutting down plugin 'INNODB_SYS_DATAFILES'
2019-04-09T12:29:45.597022Z 0 [Note] Shutting down plugin 'INNODB_SYS_TABLESPACES'
2019-04-09T12:29:45.597027Z 0 [Note] Shutting down plugin 'INNODB_SYS_FOREIGN_COLS'
2019-04-09T12:29:45.597033Z 0 [Note] Shutting down plugin 'INNODB_SYS_FOREIGN'
2019-04-09T12:29:45.597038Z 0 [Note] Shutting down plugin 'INNODB_SYS_FIELDS'
2019-04-09T12:29:45.597043Z 0 [Note] Shutting down plugin 'INNODB_SYS_COLUMNS'
2019-04-09T12:29:45.597048Z 0 [Note] Shutting down plugin 'INNODB_SYS_INDEXES'
2019-04-09T12:29:45.597053Z 0 [Note] Shutting down plugin 'INNODB_SYS_TABLESTATS'
2019-04-09T12:29:45.597058Z 0 [Note] Shutting down plugin 'INNODB_SYS_TABLES'
2019-04-09T12:29:45.597063Z 0 [Note] Shutting down plugin 'INNODB_FT_INDEX_TABLE'
2019-04-09T12:29:45.597068Z 0 [Note] Shutting down plugin 'INNODB_FT_INDEX_CACHE'
2019-04-09T12:29:45.597073Z 0 [Note] Shutting down plugin 'INNODB_FT_CONFIG'
2019-04-09T12:29:45.597079Z 0 [Note] Shutting down plugin 'INNODB_FT_BEING_DELETED'
2019-04-09T12:29:45.597085Z 0 [Note] Shutting down plugin 'INNODB_FT_DELETED'
2019-04-09T12:29:45.597090Z 0 [Note] Shutting down plugin 'INNODB_FT_DEFAULT_STOPWORD'
2019-04-09T12:29:45.597096Z 0 [Note] Shutting down plugin 'INNODB_METRICS'
2019-04-09T12:29:45.597101Z 0 [Note] Shutting down plugin 'INNODB_TEMP_TABLE_INFO'
2019-04-09T12:29:45.597106Z 0 [Note] Shutting down plugin 'INNODB_BUFFER_POOL_STATS'
2019-04-09T12:29:45.597112Z 0 [Note] Shutting down plugin 'INNODB_BUFFER_PAGE_LRU'
2019-04-09T12:29:45.597118Z 0 [Note] Shutting down plugin 'INNODB_BUFFER_PAGE'
2019-04-09T12:29:45.597123Z 0 [Note] Shutting down plugin 'INNODB_CMP_PER_INDEX_RESET'
2019-04-09T12:29:45.597128Z 0 [Note] Shutting down plugin 'INNODB_CMP_PER_INDEX'
2019-04-09T12:29:45.597134Z 0 [Note] Shutting down plugin 'INNODB_CMPMEM_RESET'
2019-04-09T12:29:45.597140Z 0 [Note] Shutting down plugin 'INNODB_CMPMEM'
2019-04-09T12:29:45.597146Z 0 [Note] Shutting down plugin 'INNODB_CMP_RESET'
2019-04-09T12:29:45.597152Z 0 [Note] Shutting down plugin 'INNODB_CMP'
2019-04-09T12:29:45.597157Z 0 [Note] Shutting down plugin 'INNODB_LOCK_WAITS'
2019-04-09T12:29:45.597163Z 0 [Note] Shutting down plugin 'INNODB_LOCKS'
2019-04-09T12:29:45.597168Z 0 [Note] Shutting down plugin 'INNODB_TRX'
2019-04-09T12:29:45.597174Z 0 [Note] Shutting down plugin 'InnoDB'
2019-04-09T12:29:45.597415Z 0 [Note] InnoDB: FTS optimize thread exiting.
2019-04-09T12:29:45.597642Z 0 [Note] InnoDB: Starting shutdown...
2019-04-09T12:29:45.763134Z 0 [Note] InnoDB: Dumping buffer pool(s) to /var/lib/mysql/ib_buffer_pool
2019-04-09T12:29:45.770411Z 0 [Note] InnoDB: Buffer pool(s) dump completed at 190409 12:29:45
2019-04-09T12:29:47.019109Z 0 [Note] InnoDB: Shutdown completed; log sequence number 12548967
2019-04-09T12:29:47.019419Z 0 [Note] InnoDB: Removed temporary tablespace data file: "ibtmp1"
2019-04-09T12:29:47.019434Z 0 [Note] Shutting down plugin 'MEMORY'
2019-04-09T12:29:47.019450Z 0 [Note] Shutting down plugin 'CSV'
2019-04-09T12:29:47.019460Z 0 [Note] Shutting down plugin 'sha256_password'
2019-04-09T12:29:47.019464Z 0 [Note] Shutting down plugin 'mysql_native_password'
2019-04-09T12:29:47.019678Z 0 [Note] Shutting down plugin 'binlog'
2019-04-09T12:29:47.028022Z 0 [Note] mysqld: Shutdown complete

2019-04-09T12:30:02.496601Z 0 [Warning] TIMESTAMP with implicit DEFAULT value is deprecated. Please use --explicit_defaults_for_timestamp server option (see documentation for more details).
2019-04-09T12:30:02.504094Z 0 [Note] mysqld (mysqld 5.7.24-log) starting as process 1 ...
2019-04-09T12:30:02.508409Z 0 [Note] InnoDB: PUNCH HOLE support available
2019-04-09T12:30:02.508446Z 0 [Note] InnoDB: Mutexes and rw_locks use GCC atomic builtins
2019-04-09T12:30:02.508452Z 0 [Note] InnoDB: Uses event mutexes
2019-04-09T12:30:02.508461Z 0 [Note] InnoDB: GCC builtin __atomic_thread_fence() is used for memory barrier
2019-04-09T12:30:02.508470Z 0 [Note] InnoDB: Compressed tables use zlib 1.2.11
2019-04-09T12:30:02.508475Z 0 [Note] InnoDB: Using Linux native AIO
2019-04-09T12:30:02.508919Z 0 [Note] InnoDB: Number of pools: 1
2019-04-09T12:30:02.509133Z 0 [Note] InnoDB: Using CPU crc32 instructions
2019-04-09T12:30:02.524063Z 0 [Note] InnoDB: Initializing buffer pool, total size = 128M, instances = 1, chunk size = 128M
2019-04-09T12:30:02.548847Z 0 [Note] InnoDB: Completed initialization of buffer pool
2019-04-09T12:30:02.553479Z 0 [Note] InnoDB: If the mysqld execution user is authorized, page cleaner thread priority can be changed. See the man page of setpriority().
2019-04-09T12:30:02.632890Z 0 [Note] InnoDB: Highest supported file format is Barracuda.
2019-04-09T12:30:02.817749Z 0 [Note] InnoDB: Creating shared tablespace for temporary tables
2019-04-09T12:30:02.817826Z 0 [Note] InnoDB: Setting file './ibtmp1' size to 12 MB. Physically writing the file full; Please wait ...
2019-04-09T12:30:02.892248Z 0 [Note] InnoDB: File './ibtmp1' size is now 12 MB.
2019-04-09T12:30:02.893636Z 0 [Note] InnoDB: 96 redo rollback segment(s) found. 96 redo rollback segment(s) are active.
2019-04-09T12:30:02.893657Z 0 [Note] InnoDB: 32 non-redo rollback segment(s) are active.
2019-04-09T12:30:02.894603Z 0 [Note] InnoDB: Waiting for purge to start
2019-04-09T12:30:02.944800Z 0 [Note] InnoDB: 5.7.24 started; log sequence number 12548967
2019-04-09T12:30:02.945825Z 0 [Note] Plugin 'FEDERATED' is disabled.
2019-04-09T12:30:02.946200Z 0 [Note] InnoDB: Loading buffer pool(s) from /var/lib/mysql/ib_buffer_pool
2019-04-09T12:30:03.111448Z 0 [Note] Found ca.pem, server-cert.pem and server-key.pem in data directory. Trying to enable SSL support using them.
2019-04-09T12:30:03.128498Z 0 [Warning] CA certificate ca.pem is self signed.
2019-04-09T12:30:03.130815Z 0 [Note] Server hostname (bind-address): '*'; port: 3306
2019-04-09T12:30:03.130890Z 0 [Note] IPv6 is available.
2019-04-09T12:30:03.130907Z 0 [Note]   - '::' resolves to '::';
2019-04-09T12:30:03.130940Z 0 [Note] Server socket created on IP: '::'.
2019-04-09T12:30:03.133971Z 0 [Warning] Insecure configuration for --pid-file: Location '/var/run/mysqld' in the path is accessible to all OS users. Consider choosing a different directory.
2019-04-09T12:30:03.380319Z 0 [Note] InnoDB: Buffer pool(s) load completed at 190409 12:30:03
2019-04-09T12:30:03.497042Z 1 [Warning] Storing MySQL user name or password information in the master info repository is not secure and is therefore not recommended. Please consider using the USER and PASSWORD connection options for START SLAVE; see the 'START SLAVE Syntax' in the MySQL Manual for more information.
2019-04-09T12:30:03.499078Z 2 [Warning] Slave SQL for channel '': If a crash happens this configuration does not guarantee that the relay log info will be consistent, Error_code: 0
2019-04-09T12:30:03.499185Z 2 [Note] Slave SQL thread for channel '' initialized, starting replication in log 'bin-log.000006' at position 154, relay log './relay-log.000011' position: 363
2019-04-09T12:30:03.499926Z 1 [ERROR] Slave I/O for channel '': error connecting to master 'slave@mysql1:3306' - retry-time: 60  retries: 1, Error_code: 2003
2019-04-09T12:30:03.687123Z 0 [Note] Event Scheduler: Loaded 0 events
2019-04-09T12:30:03.687378Z 0 [Note] mysqld: ready for connections.
Version: '5.7.24-log'  socket: '/var/run/mysqld/mysqld.sock'  port: 3306  MySQL Community Server (GPL)
2019-04-09T12:31:03.502320Z 1 [Note] Slave I/O thread for channel '': connected to master 'slave@mysql1:3306',replication started in log 'bin-log.000006' at position 154
2019-04-09T22:17:06.291104Z 4 [Warning] IP address '172.28.0.1' could not be resolved: Name or service not known
2019-04-09T22:17:06.463094Z 4 [Note] Access denied for user 'ROUTER'@'172.28.0.1' (using password: YES)
2019-04-09T23:07:20.798703Z 5 [Note] Access denied for user 'ROUTER'@'172.28.0.1' (using password: YES)
2019-04-10T05:56:44.020451Z 6 [Note] Got packets out of order
2019-04-10T06:27:24.895035Z 7 [Note] Access denied for user 'ROUTER'@'172.28.0.1' (using password: YES)
2019-04-10T14:02:19.547139Z 8 [Note] Access denied for user 'ROUTER'@'172.28.0.1' (using password: YES)
2019-04-10T17:24:15.559731Z 9 [Note] Access denied for user 'ROUTER'@'172.28.0.1' (using password: YES)
2019-04-10T17:25:40.242753Z 10 [Note] Access denied for user 'ROUTER'@'172.28.0.1' (using password: YES)
2019-04-11T01:08:24.249111Z 11 [Note] Access denied for user 'ROUTER'@'172.28.0.1' (using password: YES)
2019-04-11T04:09:48.258927Z 12 [Note] Access denied for user 'ROUTER'@'172.28.0.1' (using password: YES)
2019-04-11T09:21:31.228396Z 13 [Note] Access denied for user 'ROUTER'@'172.28.0.1' (using password: YES)
2019-04-11T09:21:33.001141Z 14 [Note] Access denied for user 'root'@'172.28.0.1' (using password: YES)
2019-04-11T09:21:48.537820Z 15 [Note] Access denied for user 'ROUTER'@'172.28.0.1' (using password: YES)
2019-04-11T09:21:53.420660Z 16 [Note] Access denied for user 'root'@'172.28.0.1' (using password: YES)
2019-04-11T09:21:59.842197Z 17 [Note] Access denied for user 'ROUTER'@'172.28.0.1' (using password: YES)
2019-04-11T09:22:14.237649Z 18 [Note] Access denied for user 'ROUTER'@'172.28.0.1' (using password: YES)
2019-04-11T09:22:18.948059Z 19 [Note] Access denied for user 'ROUTER'@'172.28.0.1' (using password: YES)
2019-04-11T09:22:28.420043Z 20 [Note] Access denied for user 'ROUTER'@'172.28.0.1' (using password: YES)
2019-04-11T09:22:30.383060Z 21 [Note] Access denied for user 'ROUTER'@'172.28.0.1' (using password: YES)
2019-04-11T09:22:52.552495Z 22 [Note] Access denied for user 'ROUTER'@'172.28.0.1' (using password: YES)
2019-04-11T09:23:01.811918Z 23 [Note] Access denied for user 'ROUTER'@'172.28.0.1' (using password: YES)
2019-04-11T09:23:07.028309Z 24 [Note] Access denied for user 'ROUTER'@'172.28.0.1' (using password: YES)
2019-04-11T09:23:16.167447Z 25 [Note] Access denied for user 'ROUTER'@'172.28.0.1' (using password: YES)
2019-04-11T09:23:18.125479Z 26 [Note] Access denied for user 'ROUTER'@'172.28.0.1' (using password: YES)
2019-04-11T09:23:20.821581Z 27 [Note] Access denied for user 'ROUTER'@'172.28.0.1' (using password: YES)
2019-04-11T09:23:23.904538Z 28 [Note] Access denied for user 'ROUTER'@'172.28.0.1' (using password: YES)
2019-04-11T09:23:31.710412Z 29 [Note] Access denied for user 'ROUTER'@'172.28.0.1' (using password: YES)
2019-04-11T09:23:34.445148Z 30 [Note] Access denied for user 'ROUTER'@'172.28.0.1' (using password: YES)
2019-04-11T09:23:36.216035Z 31 [Note] Got an error reading communication packets
2019-04-19T01:02:57.778064Z 32 [Warning] IP address '193.188.22.68' could not be resolved: Name or service not known
2019-04-19T01:02:57.778279Z 32 [Note] Got packets out of order
2019-04-27T11:04:32.507373Z 33 [Note] Aborted connection 33 to db: 'kindle' user: 'root' host: '172.28.0.1' (Got an error reading communication packets)
2019-04-27T11:22:32.976915Z 35 [Note] Aborted connection 35 to db: 'kindle' user: 'root' host: '172.28.0.1' (Got an error reading communication packets)
2019-04-27T11:22:32.977165Z 36 [Note] Aborted connection 36 to db: 'kindle' user: 'root' host: '172.28.0.1' (Got an error reading communication packets)
2019-04-27T11:22:32.977552Z 34 [Note] Aborted connection 34 to db: 'kindle' user: 'root' host: '172.28.0.1' (Got an error reading communication packets)
2019-04-27T11:27:25.185964Z 37 [Note] Aborted connection 37 to db: 'kindle' user: 'root' host: '172.28.0.1' (Got an error reading communication packets)
2019-04-27T11:30:36.049070Z 38 [Note] Aborted connection 38 to db: 'kindle' user: 'root' host: '172.28.0.1' (Got an error reading communication packets)
2019-04-27T11:33:14.938042Z 39 [Note] Aborted connection 39 to db: 'kindle' user: 'root' host: '172.28.0.1' (Got an error reading communication packets)
2019-04-27T11:37:14.759793Z 40 [Note] Aborted connection 40 to db: 'kindle' user: 'root' host: '172.28.0.1' (Got an error reading communication packets)
2019-04-27T11:38:52.865441Z 41 [Note] Aborted connection 41 to db: 'kindle' user: 'root' host: '172.28.0.1' (Got an error reading communication packets)
2019-04-27T11:40:30.668978Z 42 [Note] Aborted connection 42 to db: 'kindle' user: 'root' host: '172.28.0.1' (Got an error reading communication packets)
2019-04-27T11:58:16.539927Z 45 [Note] Aborted connection 45 to db: 'kindle' user: 'root' host: '172.28.0.1' (Got an error reading communication packets)
2019-04-27T11:58:16.540710Z 44 [Note] Aborted connection 44 to db: 'kindle' user: 'root' host: '172.28.0.1' (Got an error reading communication packets)
2019-04-27T11:58:16.587403Z 43 [Note] Aborted connection 43 to db: 'kindle' user: 'root' host: '172.28.0.1' (Got an error reading communication packets)
2019-04-27T17:40:59.916075Z 46 [Note] Got packets out of order
2019-04-27T22:11:56.377953Z 47 [Note] Got packets out of order
2019-04-28T06:41:25.248734Z 48 [Note] Access denied for user 'ROUTER'@'172.28.0.1' (using password: YES)
2019-04-28T17:09:39.803019Z 49 [Note] Got packets out of order
2019-04-28T22:09:05.487842Z 50 [Note] Got packets out of order
2019-04-29T17:56:15.224983Z 51 [Note] Got packets out of order
2019-04-29T22:12:45.856437Z 52 [Note] Got packets out of order
2019-04-30T10:03:43.200696Z 53 [Note] Got packets out of order
2019-05-01T03:41:00.495114Z 54 [Note] Got packets out of order
2019-05-01T08:32:23.657307Z 55 [Note] Got packets out of order
2019-05-01T17:36:06.014964Z 56 [Note] Got packets out of order
2019-05-01T22:06:01.441761Z 57 [Note] Got packets out of order
2019-05-12T03:41:08.732426Z 58 [Note] Got packets out of order
2019-05-12T08:15:19.613014Z 59 [Note] Got packets out of order
2019-05-12T13:23:36.639793Z 60 [Note] Got packets out of order
2019-05-12T17:06:26.272542Z 61 [Note] Got packets out of order
2019-05-12T19:01:50.028467Z 62 [Note] Access denied for user 'ROUTER'@'172.28.0.1' (using password: YES)
2019-05-13T01:11:46.930151Z 63 [Note] Got packets out of order
2019-05-13T03:21:28.134393Z 64 [Note] Access denied for user 'ROUTER'@'172.28.0.1' (using password: YES)
2019-05-13T04:07:12.649456Z 65 [Note] Access denied for user 'ROUTER'@'172.28.0.1' (using password: YES)
2019-05-13T07:52:10.179908Z 66 [Note] Access denied for user 'ROUTER'@'172.28.0.1' (using password: YES)
2019-05-13T13:37:09.723931Z 67 [Note] Got packets out of order
2019-05-13T21:00:47.455260Z 68 [Note] Got packets out of order
2019-05-14T02:16:46.127956Z 69 [Note] Got packets out of order
2019-05-14T14:25:28.640196Z 70 [Note] Access denied for user 'ROUTER'@'172.28.0.1' (using password: YES)
2019-05-14T21:49:27.341461Z 71 [Note] Got packets out of order
2019-05-15T00:40:41.434303Z 72 [Note] Got packets out of order
2019-05-17T01:43:47.420283Z 73 [Note] Got packets out of order
2019-05-17T09:30:21.893098Z 74 [Note] Got packets out of order
2019-05-17T16:30:01.748779Z 75 [Note] Got packets out of order
2019-05-18T00:26:50.814332Z 76 [Note] Got packets out of order
2019-05-18T16:33:58.288109Z 77 [Note] Got packets out of order
2019-05-19T00:29:54.570434Z 78 [Note] Got packets out of order
2019-05-19T05:23:38.372615Z 79 [Note] Access denied for user 'ROUTER'@'172.28.0.1' (using password: YES)
2019-05-19T10:15:46.100392Z 80 [Note] Access denied for user 'ROUTER'@'172.28.0.1' (using password: YES)
2019-05-19T21:11:29.460899Z 81 [Note] Got packets out of order
2019-05-20T01:27:35.293406Z 82 [Note] Got packets out of order
2019-05-20T21:12:36.242472Z 83 [Note] Got packets out of order
2019-05-21T02:01:08.730687Z 84 [Note] Got packets out of order
2019-05-21T18:04:03.276668Z 85 [Note] Access denied for user 'ROUTER'@'172.28.0.1' (using password: YES)
2019-05-22T00:03:06.531751Z 86 [Note] Got packets out of order
2019-05-22T11:09:21.314805Z 87 [Note] Access denied for user 'ROUTER'@'172.28.0.1' (using password: YES)
2019-05-22T16:55:00.080028Z 88 [Note] Got packets out of order
2019-05-23T00:44:34.097561Z 89 [Note] Got packets out of order
2019-05-24T06:43:27.049961Z 90 [Note] Access denied for user 'ROUTER'@'172.28.0.1' (using password: YES)
2019-05-28T05:33:34.227328Z 91 [Note] Access denied for user 'ROUTER'@'172.28.0.1' (using password: YES)
2019-05-28T16:32:53.516712Z 92 [Note] Got packets out of order
2019-05-30T11:50:41.514166Z 93 [Note] Got packets out of order
2019-05-31T11:55:13.002948Z 94 [Note] Aborted connection 94 to db: 'blog' user: 'root' host: '172.28.0.1' (Got timeout reading communication packets)
2019-06-01T12:40:22.434121Z 95 [Note] Access denied for user 'root'@'172.28.0.1' (using password: NO)
2019-06-01T12:40:22.653299Z 96 [Note] Access denied for user 'root'@'172.28.0.1' (using password: YES)
2019-06-01T12:40:22.949145Z 97 [Note] Access denied for user 'root'@'172.28.0.1' (using password: YES)
2019-06-01T12:40:23.272039Z 98 [Note] Access denied for user 'root'@'172.28.0.1' (using password: NO)
2019-06-01T12:40:23.446740Z 99 [Note] Access denied for user 'mysql'@'172.28.0.1' (using password: YES)
2019-06-01T12:40:23.701846Z 100 [Note] Access denied for user 'mysql'@'172.28.0.1' (using password: YES)
2019-06-01T12:40:23.910261Z 101 [Note] Access denied for user 'mysql'@'172.28.0.1' (using password: NO)
2019-06-01T13:22:16.164737Z 102 [Note] Access denied for user 'ROUTER'@'172.28.0.1' (using password: YES)
2019-06-02T05:04:04.035591Z 103 [Note] Access denied for user 'root'@'172.28.0.1' (using password: NO)
2019-06-02T05:04:04.737435Z 104 [Note] Access denied for user 'root'@'172.28.0.1' (using password: YES)
2019-06-02T05:04:05.595563Z 105 [Note] Access denied for user 'root'@'172.28.0.1' (using password: YES)
2019-06-02T05:04:06.456291Z 106 [Note] Access denied for user 'root'@'172.28.0.1' (using password: NO)
2019-06-02T05:04:07.163204Z 107 [Note] Access denied for user 'mysql'@'172.28.0.1' (using password: YES)
2019-06-02T05:04:07.951314Z 108 [Note] Access denied for user 'mysql'@'172.28.0.1' (using password: YES)
2019-06-02T05:04:08.774020Z 109 [Note] Access denied for user 'mysql'@'172.28.0.1' (using password: NO)
2019-06-02T07:13:12.679976Z 110 [Note] Access denied for user 'root'@'172.28.0.1' (using password: NO)
2019-06-02T07:13:21.251893Z 111 [Note] Access denied for user 'root'@'172.28.0.1' (using password: YES)
2019-06-02T07:13:39.830174Z 112 [Note] Access denied for user 'root'@'172.28.0.1' (using password: YES)
2019-06-02T07:13:39.861835Z 113 [Note] Access denied for user 'root'@'172.28.0.1' (using password: NO)
2019-06-02T07:13:39.890013Z 114 [Note] Access denied for user 'mysql'@'172.28.0.1' (using password: YES)
2019-06-02T07:13:39.911938Z 115 [Note] Access denied for user 'mysql'@'172.28.0.1' (using password: YES)
2019-06-02T07:13:39.935637Z 116 [Note] Access denied for user 'mysql'@'172.28.0.1' (using password: NO)
2019-06-02T16:45:47.718618Z 117 [Note] Got packets out of order
2019-06-03T01:56:15.659419Z 118 [Note] Access denied for user 'root'@'172.28.0.1' (using password: YES)
2019-06-03T01:56:16.759306Z 119 [Note] Access denied for user 'root'@'172.28.0.1' (using password: YES)
2019-06-03T01:56:17.335662Z 120 [Note] Access denied for user 'root'@'172.28.0.1' (using password: NO)
2019-06-03T01:56:17.926436Z 121 [Note] Access denied for user 'mysql'@'172.28.0.1' (using password: NO)
2019-06-03T01:56:18.500641Z 122 [Note] Access denied for user 'mysql'@'172.28.0.1' (using password: YES)
2019-06-03T01:56:19.056332Z 123 [Note] Access denied for user 'mysql'@'172.28.0.1' (using password: YES)
2019-06-03T01:56:19.513638Z 124 [Note] Access denied for user 'mysql'@'172.28.0.1' (using password: NO)
2019-06-03T02:18:13.821889Z 125 [Note] Access denied for user 'root'@'172.28.0.1' (using password: YES)
2019-06-03T02:18:20.446159Z 126 [Note] Access denied for user 'root'@'172.28.0.1' (using password: YES)
2019-06-03T02:18:20.477867Z 127 [Note] Access denied for user 'root'@'172.28.0.1' (using password: NO)
2019-06-03T02:18:20.504894Z 128 [Note] Access denied for user 'mysql'@'172.28.0.1' (using password: NO)
2019-06-03T02:18:20.533765Z 129 [Note] Access denied for user 'mysql'@'172.28.0.1' (using password: YES)
2019-06-03T02:18:20.561683Z 130 [Note] Access denied for user 'mysql'@'172.28.0.1' (using password: YES)
2019-06-03T02:18:20.581031Z 131 [Note] Access denied for user 'mysql'@'172.28.0.1' (using password: NO)
2019-06-04T03:53:04.789527Z 132 [Note] Access denied for user 'root'@'172.28.0.1' (using password: YES)
2019-06-04T03:53:05.047948Z 133 [Note] Access denied for user 'root'@'172.28.0.1' (using password: YES)
2019-06-04T03:53:05.323200Z 134 [Note] Access denied for user 'root'@'172.28.0.1' (using password: YES)
2019-06-04T03:53:05.621990Z 135 [Note] Access denied for user 'root'@'172.28.0.1' (using password: NO)
2019-06-04T03:53:05.914811Z 136 [Note] Access denied for user 'mysql'@'172.28.0.1' (using password: YES)
2019-06-04T03:53:06.171052Z 137 [Note] Access denied for user 'mysql'@'172.28.0.1' (using password: YES)
2019-06-04T03:53:06.452253Z 138 [Note] Access denied for user 'mysql'@'172.28.0.1' (using password: YES)
2019-06-04T03:53:06.709687Z 139 [Note] Access denied for user 'mysql'@'172.28.0.1' (using password: NO)
2019-06-06T16:48:52.266673Z 140 [Note] Aborted connection 140 to db: 'blog' user: 'root' host: '172.28.0.1' (Got timeout reading communication packets)
2019-06-10T01:26:20.888098Z 141 [Note] Access denied for user 'root'@'172.28.0.1' (using password: NO)
2019-06-10T01:26:22.782578Z 142 [Note] Access denied for user 'root'@'172.28.0.1' (using password: YES)
2019-06-10T01:26:24.807060Z 143 [Note] Access denied for user 'root'@'172.28.0.1' (using password: YES)
2019-06-10T01:26:27.187369Z 144 [Note] Access denied for user 'root'@'172.28.0.1' (using password: NO)
2019-06-10T01:26:31.679307Z 145 [Note] Access denied for user 'mysql'@'172.28.0.1' (using password: YES)
2019-06-10T01:26:34.862741Z 146 [Note] Access denied for user 'mysql'@'172.28.0.1' (using password: YES)
2019-06-10T01:26:37.670551Z 147 [Note] Access denied for user 'mysql'@'172.28.0.1' (using password: NO)
2019-06-10T08:50:21.407016Z 150 [Note] Access denied for user 'root'@'172.28.0.1' (using password: YES)
2019-06-10T08:50:26.849640Z 151 [Note] Access denied for user 'root'@'172.28.0.1' (using password: YES)
2019-06-10T08:50:36.845201Z 152 [Note] Access denied for user 'root'@'172.28.0.1' (using password: YES)
2019-06-10T15:58:21.420218Z 153 [Note] Access denied for user 'root'@'172.28.0.1' (using password: YES)
2019-06-10T15:58:22.615243Z 154 [Note] Access denied for user 'root'@'172.28.0.1' (using password: YES)
2019-06-10T15:58:23.777461Z 155 [Note] Access denied for user 'root'@'172.28.0.1' (using password: NO)
2019-06-11T08:55:10.391022Z 156 [Note] Access denied for user 'root'@'172.28.0.1' (using password: NO)
2019-06-11T08:55:10.868670Z 157 [Note] Access denied for user 'root'@'172.28.0.1' (using password: YES)
2019-06-11T08:55:11.287320Z 158 [Note] Access denied for user 'root'@'172.28.0.1' (using password: YES)
2019-06-11T08:55:17.361218Z 159 [Note] Access denied for user 'root'@'172.28.0.1' (using password: NO)
2019-06-11T11:12:43.490806Z 160 [Note] Access denied for user 'root'@'172.28.0.1' (using password: YES)
2019-06-11T11:12:45.885634Z 161 [Note] Access denied for user 'root'@'172.28.0.1' (using password: YES)
2019-06-11T11:12:48.294419Z 162 [Note] Access denied for user 'root'@'172.28.0.1' (using password: YES)
2019-06-11T11:12:49.639819Z 163 [Note] Access denied for user 'root'@'172.28.0.1' (using password: YES)
2019-06-11T11:12:52.278348Z 164 [Note] Access denied for user 'root'@'172.28.0.1' (using password: YES)
2019-06-11T11:12:59.469667Z 165 [Note] Access denied for user 'root'@'172.28.0.1' (using password: YES)
2019-06-11T11:13:02.123261Z 166 [Note] Access denied for user 'root'@'172.28.0.1' (using password: YES)
2019-06-11T11:13:04.130340Z 167 [Note] Access denied for user 'root'@'172.28.0.1' (using password: YES)
2019-06-11T11:13:08.155637Z 168 [Note] Access denied for user 'root'@'172.28.0.1' (using password: YES)
2019-06-11T11:13:09.922957Z 169 [Note] Access denied for user 'root'@'172.28.0.1' (using password: YES)
2019-06-11T11:13:12.183596Z 170 [Note] Access denied for user 'root'@'172.28.0.1' (using password: YES)
2019-06-11T11:13:14.363461Z 171 [Note] Access denied for user 'root'@'172.28.0.1' (using password: YES)
2019-06-11T11:13:16.109458Z 172 [Note] Access denied for user 'root'@'172.28.0.1' (using password: YES)
2019-06-11T11:13:17.687642Z 173 [Note] Access denied for user 'root'@'172.28.0.1' (using password: YES)
2019-06-11T11:13:19.392097Z 174 [Note] Access denied for user 'root'@'172.28.0.1' (using password: YES)
2019-06-11T11:13:21.147374Z 175 [Note] Access denied for user 'root'@'172.28.0.1' (using password: YES)
2019-06-11T11:13:24.814267Z 176 [Note] Access denied for user 'root'@'172.28.0.1' (using password: YES)
2019-06-11T11:13:27.222941Z 177 [Note] Access denied for user 'root'@'172.28.0.1' (using password: YES)
2019-06-11T11:13:34.589820Z 178 [Note] Access denied for user 'root'@'172.28.0.1' (using password: YES)
2019-06-11T11:14:48.788838Z 179 [Note] Access denied for user 'root'@'172.28.0.1' (using password: YES)
2019-06-11T11:15:29.060481Z 180 [Note] Access denied for user 'root'@'172.28.0.1' (using password: YES)
2019-06-11T11:15:31.361618Z 181 [Note] Access denied for user 'root'@'172.28.0.1' (using password: YES)
2019-06-11T11:15:32.590884Z 182 [Note] Access denied for user 'root'@'172.28.0.1' (using password: YES)
2019-06-11T11:15:36.914351Z 183 [Note] Access denied for user 'root'@'172.28.0.1' (using password: YES)
2019-06-11T15:46:12.468331Z 184 [Note] Access denied for user 'root'@'172.28.0.1' (using password: YES)
2019-06-11T15:46:17.277446Z 185 [Note] Access denied for user 'root'@'172.28.0.1' (using password: YES)
2019-06-11T15:46:23.884343Z 186 [Note] Access denied for user 'root'@'172.28.0.1' (using password: NO)
2019-06-11T15:46:28.142388Z 187 [Note] Access denied for user 'mysql'@'172.28.0.1' (using password: NO)
2019-06-11T15:46:28.809562Z 188 [Note] Access denied for user 'mysql'@'172.28.0.1' (using password: YES)
2019-06-11T15:46:30.749416Z 189 [Note] Access denied for user 'mysql'@'172.28.0.1' (using password: YES)
2019-06-11T15:46:35.547866Z 190 [Note] Access denied for user 'mysql'@'172.28.0.1' (using password: NO)
2019-06-11T16:50:45.909031Z 191 [Note] Got packets out of order
2019-06-12T00:51:59.819758Z 192 [Note] Access denied for user 'root'@'172.28.0.1' (using password: YES)
2019-06-12T00:52:00.562886Z 193 [Note] Access denied for user 'root'@'172.28.0.1' (using password: YES)
2019-06-12T00:52:02.984372Z 194 [Note] Access denied for user 'root'@'172.28.0.1' (using password: NO)
2019-06-12T00:52:04.487180Z 195 [Note] Access denied for user 'mysql'@'172.28.0.1' (using password: NO)
2019-06-12T00:52:05.457074Z 196 [Note] Access denied for user 'mysql'@'172.28.0.1' (using password: YES)
2019-06-12T00:52:07.719376Z 197 [Note] Access denied for user 'mysql'@'172.28.0.1' (using password: YES)
2019-06-12T00:52:08.034184Z 198 [Note] Access denied for user 'mysql'@'172.28.0.1' (using password: NO)
2019-06-12T10:43:58.067198Z 199 [Note] Access denied for user 'root'@'172.28.0.1' (using password: YES)
2019-06-12T10:43:58.298873Z 200 [Note] Access denied for user 'root'@'172.28.0.1' (using password: YES)
2019-06-12T10:43:58.736753Z 201 [Note] Access denied for user 'root'@'172.28.0.1' (using password: YES)
2019-06-12T10:43:59.024760Z 202 [Note] Access denied for user 'root'@'172.28.0.1' (using password: YES)
2019-06-12T10:44:00.444762Z 203 [Note] Access denied for user 'root'@'172.28.0.1' (using password: YES)
2019-06-12T10:44:00.753328Z 204 [Note] Access denied for user 'root'@'172.28.0.1' (using password: YES)
2019-06-12T10:44:01.220762Z 205 [Note] Access denied for user 'root'@'172.28.0.1' (using password: YES)
2019-06-12T10:44:04.416255Z 206 [Note] Access denied for user 'root'@'172.28.0.1' (using password: YES)
2019-06-12T10:44:04.649652Z 207 [Note] Access denied for user 'root'@'172.28.0.1' (using password: YES)
2019-06-12T10:44:04.865573Z 208 [Note] Access denied for user 'root'@'172.28.0.1' (using password: YES)
2019-06-12T10:44:05.098557Z 209 [Note] Access denied for user 'root'@'172.28.0.1' (using password: YES)
2019-06-12T10:44:05.294629Z 210 [Note] Access denied for user 'root'@'172.28.0.1' (using password: YES)
2019-06-12T10:44:05.544529Z 211 [Note] Access denied for user 'root'@'172.28.0.1' (using password: YES)
2019-06-12T10:44:08.731078Z 212 [Note] Access denied for user 'root'@'172.28.0.1' (using password: YES)
2019-06-12T10:44:10.132028Z 213 [Note] Access denied for user 'root'@'172.28.0.1' (using password: YES)
2019-06-12T10:44:13.335578Z 214 [Note] Access denied for user 'root'@'172.28.0.1' (using password: YES)
2019-06-12T10:44:13.614983Z 215 [Note] Access denied for user 'root'@'172.28.0.1' (using password: YES)
2019-06-12T10:44:13.806463Z 216 [Note] Access denied for user 'root'@'172.28.0.1' (using password: YES)
2019-06-12T10:44:14.074224Z 217 [Note] Access denied for user 'root'@'172.28.0.1' (using password: YES)
2019-06-12T10:44:14.368737Z 218 [Note] Access denied for user 'root'@'172.28.0.1' (using password: YES)
2019-06-12T10:44:14.661165Z 219 [Note] Access denied for user 'root'@'172.28.0.1' (using password: YES)
2019-06-12T10:44:14.866002Z 220 [Note] Access denied for user 'root'@'172.28.0.1' (using password: YES)
2019-06-12T10:44:15.052713Z 221 [Note] Access denied for user 'root'@'172.28.0.1' (using password: YES)
2019-06-12T16:38:11.416317Z 222 [Note] Got packets out of order
2019-06-13T08:27:56.325297Z 0 [Note] Giving 2 client threads a chance to die gracefully
2019-06-13T08:27:56.325331Z 0 [Note] Shutting down slave threads
2019-06-13T08:27:56.387774Z 2 [Note] Error reading relay log event for channel '': slave SQL thread was killed
2019-06-13T08:27:56.387853Z 2 [Note] Slave SQL thread for channel '' exiting, replication stopped in log 'bin-log.000007' at position 20709
2019-06-13T08:27:56.394816Z 1 [Note] Slave I/O thread killed while reading event for channel ''
2019-06-13T08:27:56.394847Z 1 [Note] Slave I/O thread exiting for channel '', read up to log 'bin-log.000007', position 20709
2019-06-13T08:27:56.414906Z 0 [Note] Forcefully disconnecting 0 remaining clients
2019-06-13T08:27:56.414970Z 0 [Note] Event Scheduler: Purging the queue. 0 events
2019-06-13T08:27:56.424307Z 0 [Note] Binlog end
2019-06-13T08:27:56.425751Z 0 [Note] Shutting down plugin 'ngram'
2019-06-13T08:27:56.425786Z 0 [Note] Shutting down plugin 'partition'
2019-06-13T08:27:56.425794Z 0 [Note] Shutting down plugin 'BLACKHOLE'
2019-06-13T08:27:56.425815Z 0 [Note] Shutting down plugin 'ARCHIVE'
2019-06-13T08:27:56.425822Z 0 [Note] Shutting down plugin 'PERFORMANCE_SCHEMA'
2019-06-13T08:27:56.425916Z 0 [Note] Shutting down plugin 'MRG_MYISAM'
2019-06-13T08:27:56.425929Z 0 [Note] Shutting down plugin 'MyISAM'
2019-06-13T08:27:56.425946Z 0 [Note] Shutting down plugin 'INNODB_SYS_VIRTUAL'
2019-06-13T08:27:56.425955Z 0 [Note] Shutting down plugin 'INNODB_SYS_DATAFILES'
2019-06-13T08:27:56.425961Z 0 [Note] Shutting down plugin 'INNODB_SYS_TABLESPACES'
2019-06-13T08:27:56.425966Z 0 [Note] Shutting down plugin 'INNODB_SYS_FOREIGN_COLS'
2019-06-13T08:27:56.425972Z 0 [Note] Shutting down plugin 'INNODB_SYS_FOREIGN'
2019-06-13T08:27:56.425977Z 0 [Note] Shutting down plugin 'INNODB_SYS_FIELDS'
2019-06-13T08:27:56.425984Z 0 [Note] Shutting down plugin 'INNODB_SYS_COLUMNS'
2019-06-13T08:27:56.425989Z 0 [Note] Shutting down plugin 'INNODB_SYS_INDEXES'
2019-06-13T08:27:56.425995Z 0 [Note] Shutting down plugin 'INNODB_SYS_TABLESTATS'
2019-06-13T08:27:56.426013Z 0 [Note] Shutting down plugin 'INNODB_SYS_TABLES'
2019-06-13T08:27:56.426019Z 0 [Note] Shutting down plugin 'INNODB_FT_INDEX_TABLE'
2019-06-13T08:27:56.426025Z 0 [Note] Shutting down plugin 'INNODB_FT_INDEX_CACHE'
2019-06-13T08:27:56.426030Z 0 [Note] Shutting down plugin 'INNODB_FT_CONFIG'
2019-06-13T08:27:56.426035Z 0 [Note] Shutting down plugin 'INNODB_FT_BEING_DELETED'
2019-06-13T08:27:56.426041Z 0 [Note] Shutting down plugin 'INNODB_FT_DELETED'
2019-06-13T08:27:56.426046Z 0 [Note] Shutting down plugin 'INNODB_FT_DEFAULT_STOPWORD'
2019-06-13T08:27:56.426051Z 0 [Note] Shutting down plugin 'INNODB_METRICS'
2019-06-13T08:27:56.426055Z 0 [Note] Shutting down plugin 'INNODB_TEMP_TABLE_INFO'
2019-06-13T08:27:56.426060Z 0 [Note] Shutting down plugin 'INNODB_BUFFER_POOL_STATS'
2019-06-13T08:27:56.426064Z 0 [Note] Shutting down plugin 'INNODB_BUFFER_PAGE_LRU'
2019-06-13T08:27:56.426068Z 0 [Note] Shutting down plugin 'INNODB_BUFFER_PAGE'
2019-06-13T08:27:56.426072Z 0 [Note] Shutting down plugin 'INNODB_CMP_PER_INDEX_RESET'
2019-06-13T08:27:56.426076Z 0 [Note] Shutting down plugin 'INNODB_CMP_PER_INDEX'
2019-06-13T08:27:56.426080Z 0 [Note] Shutting down plugin 'INNODB_CMPMEM_RESET'
2019-06-13T08:27:56.426084Z 0 [Note] Shutting down plugin 'INNODB_CMPMEM'
2019-06-13T08:27:56.426088Z 0 [Note] Shutting down plugin 'INNODB_CMP_RESET'
2019-06-13T08:27:56.426092Z 0 [Note] Shutting down plugin 'INNODB_CMP'
2019-06-13T08:27:56.426096Z 0 [Note] Shutting down plugin 'INNODB_LOCK_WAITS'
2019-06-13T08:27:56.426099Z 0 [Note] Shutting down plugin 'INNODB_LOCKS'
2019-06-13T08:27:56.426103Z 0 [Note] Shutting down plugin 'INNODB_TRX'
2019-06-13T08:27:56.426108Z 0 [Note] Shutting down plugin 'InnoDB'
2019-06-13T08:27:56.449036Z 0 [Note] InnoDB: FTS optimize thread exiting.
2019-06-13T08:27:56.449389Z 0 [Note] InnoDB: Starting shutdown...
2019-06-13T08:27:56.572539Z 0 [Note] InnoDB: Dumping buffer pool(s) to /var/lib/mysql/ib_buffer_pool
2019-06-13T08:27:56.572763Z 0 [Note] InnoDB: Buffer pool(s) dump completed at 190613  8:27:56
2019-06-13T08:27:57.960706Z 0 [Note] InnoDB: Shutdown completed; log sequence number 12725314
2019-06-13T08:27:57.985097Z 0 [Note] InnoDB: Removed temporary tablespace data file: "ibtmp1"
2019-06-13T08:27:57.985139Z 0 [Note] Shutting down plugin 'MEMORY'
2019-06-13T08:27:57.985147Z 0 [Note] Shutting down plugin 'CSV'
2019-06-13T08:27:57.985163Z 0 [Note] Shutting down plugin 'sha256_password'
2019-06-13T08:27:57.985167Z 0 [Note] Shutting down plugin 'mysql_native_password'
2019-06-13T08:27:57.985362Z 0 [Note] Shutting down plugin 'binlog'
2019-06-13T08:27:58.029741Z 0 [Note] mysqld: Shutdown complete

